{
  "stats": {
    "suites": 18,
    "tests": 61,
    "passes": 61,
    "pending": 0,
    "failures": 0,
    "start": "2024-07-25T23:57:36.206Z",
    "end": "2024-07-25T23:58:36.991Z",
    "duration": 60785,
    "testsRegistered": 61,
    "passPercent": 100,
    "pendingPercent": 0,
    "other": 0,
    "hasOther": false,
    "skipped": 0,
    "hasSkipped": false
  },
  "results": [
    {
      "uuid": "3a7404a1-4175-453f-9321-7a65cf63512d",
      "title": "",
      "fullFile": "",
      "file": "",
      "beforeHooks": [],
      "afterHooks": [],
      "tests": [],
      "suites": [
        {
          "uuid": "423a788a-7459-46f7-9cf8-e809a1be65cc",
          "title": "Tests for the Ollama backend REST API endpoints",
          "fullFile": "/usr/src/app/server/test/app.test.js",
          "file": "/test/app.test.js",
          "beforeHooks": [
            {
              "title": "\"before all\" hook in \"Tests for the Ollama backend REST API endpoints\"",
              "fullTitle": "Tests for the Ollama backend REST API endpoints \"before all\" hook in \"Tests for the Ollama backend REST API endpoints\"",
              "timedOut": false,
              "duration": 1,
              "state": null,
              "speed": null,
              "pass": false,
              "fail": false,
              "pending": false,
              "context": null,
              "code": "testServer = server.app.listen(done);\nrequest = supertest.agent(testServer);",
              "err": {},
              "uuid": "5b17f0df-ba54-46fc-816c-c0711f4f5d67",
              "parentUUID": "423a788a-7459-46f7-9cf8-e809a1be65cc",
              "isHook": true,
              "skipped": false
            }
          ],
          "afterHooks": [
            {
              "title": "\"after all\" hook in \"Tests for the Ollama backend REST API endpoints\"",
              "fullTitle": "Tests for the Ollama backend REST API endpoints \"after all\" hook in \"Tests for the Ollama backend REST API endpoints\"",
              "timedOut": false,
              "duration": 0,
              "state": null,
              "speed": null,
              "pass": false,
              "fail": false,
              "pending": false,
              "context": null,
              "code": "testServer.close(done);",
              "err": {},
              "uuid": "af871984-f700-4527-9d74-8f0198722ae4",
              "parentUUID": "423a788a-7459-46f7-9cf8-e809a1be65cc",
              "isHook": true,
              "skipped": false
            }
          ],
          "tests": [],
          "suites": [
            {
              "uuid": "192a1cde-5752-47a8-9f90-374e71c42a50",
              "title": "Testing the POST endpoint for /code",
              "fullFile": "/usr/src/app/server/test/app.test.js",
              "file": "/test/app.test.js",
              "beforeHooks": [],
              "afterHooks": [],
              "tests": [
                {
                  "title": "Providing a regular description",
                  "fullTitle": "Tests for the Ollama backend REST API endpoints Testing the POST endpoint for /code Providing a regular description",
                  "timedOut": false,
                  "duration": 18937,
                  "state": "passed",
                  "speed": "slow",
                  "pass": true,
                  "fail": false,
                  "pending": false,
                  "context": null,
                  "code": "request\n.post('/code')\n.send(two_sum_fn_desc)\n.set('Accept', 'application/json')\n.expect('Content-Type', /json/)\n.expect(200)\n.end(function(err, res) {\n    expect(res.body.llm_code).to.not.equal(null);\n    expect(res.body.llm_code).to.match(/return [\\w]+ \\+ [\\w]+/);\n    expect(res.body.llm_code).to.match(/function [\\w]+\\([\\w]+\\,[\\s]*[\\w]+\\)/);\n    if (err) done(err);\n    done();\n})",
                  "err": {},
                  "uuid": "941a3548-9758-4106-96c5-6c3038fcf267",
                  "parentUUID": "192a1cde-5752-47a8-9f90-374e71c42a50",
                  "isHook": false,
                  "skipped": false
                },
                {
                  "title": "Not providing a body",
                  "fullTitle": "Tests for the Ollama backend REST API endpoints Testing the POST endpoint for /code Not providing a body",
                  "timedOut": false,
                  "duration": 4,
                  "state": "passed",
                  "speed": "fast",
                  "pass": true,
                  "fail": false,
                  "pending": false,
                  "context": null,
                  "code": "request.post('/code')\n.send({})\n.set('Accept', 'application/json')\n.end(function(err, res) {\n    expect(res.statusCode).to.equal(400);\n    expect(res.body.error).to.equal(\"No description was provided.\");\n    if (err) done(err);\n    done();\n})",
                  "err": {},
                  "uuid": "de7356c4-cecb-44fb-8270-34745a11ed20",
                  "parentUUID": "192a1cde-5752-47a8-9f90-374e71c42a50",
                  "isHook": false,
                  "skipped": false
                }
              ],
              "suites": [],
              "passes": [
                "941a3548-9758-4106-96c5-6c3038fcf267",
                "de7356c4-cecb-44fb-8270-34745a11ed20"
              ],
              "failures": [],
              "pending": [],
              "skipped": [],
              "duration": 18941,
              "root": false,
              "rootEmpty": false,
              "_timeout": 300000
            },
            {
              "uuid": "dc06a90b-6fa8-4b69-947f-5e8cdef0f281",
              "title": "Testing the POST endpoint for /grade",
              "fullFile": "/usr/src/app/server/test/app.test.js",
              "file": "/test/app.test.js",
              "beforeHooks": [],
              "afterHooks": [],
              "tests": [
                {
                  "title": "Providing random description",
                  "fullTitle": "Tests for the Ollama backend REST API endpoints Testing the POST endpoint for /grade Providing random description",
                  "timedOut": false,
                  "duration": 10134,
                  "state": "passed",
                  "speed": "slow",
                  "pass": true,
                  "fail": false,
                  "pending": false,
                  "context": null,
                  "code": "request.post('/grade')\n.send({\"id\": 1, \"desc\": \"blah\"})\n.set({'Authorization': `Bearer ${process.env.JWT_TEST_TOKEN}`})\n.set('Accept', 'application/json')\n.end(function(err, res) {\n    expect(res.statusCode).to.equal(200);\n    expect(res.body).to.not.equal(null);\n    expect(res.body.results.length).to.equal(3);\n    expect(res.body.results[0].score).to.equal(0);\n    expect(res.body.results[1].score).to.equal(0);\n    expect(res.body.results[2].score).to.equal(0);\n    if (err) done(err);\n    done();\n})",
                  "err": {},
                  "uuid": "794f5bb5-2b04-4b20-8616-45e454de4893",
                  "parentUUID": "dc06a90b-6fa8-4b69-947f-5e8cdef0f281",
                  "isHook": false,
                  "skipped": false
                },
                {
                  "title": "Providing bad JSON body",
                  "fullTitle": "Tests for the Ollama backend REST API endpoints Testing the POST endpoint for /grade Providing bad JSON body",
                  "timedOut": false,
                  "duration": 2,
                  "state": "passed",
                  "speed": "fast",
                  "pass": true,
                  "fail": false,
                  "pending": false,
                  "context": null,
                  "code": "request.post('/grade')\n.send({})\n.set({'Authorization': `Bearer ${process.env.JWT_TEST_TOKEN}`})\n.set('Accept', 'application/json')\n.end(function(err, res) {\n    expect(res.statusCode).to.equal(400);\n    expect(res.body).to.not.equal(null);\n    expect(res.body.error).to.equal(\"No description was provided.\");\n    if (err) done(err);\n    done();\n})",
                  "err": {},
                  "uuid": "0ee17f2e-2702-4c29-9cf9-477e8bfe6d17",
                  "parentUUID": "dc06a90b-6fa8-4b69-947f-5e8cdef0f281",
                  "isHook": false,
                  "skipped": false
                },
                {
                  "title": "Providing invalid QID",
                  "fullTitle": "Tests for the Ollama backend REST API endpoints Testing the POST endpoint for /grade Providing invalid QID",
                  "timedOut": false,
                  "duration": 1,
                  "state": "passed",
                  "speed": "fast",
                  "pass": true,
                  "fail": false,
                  "pending": false,
                  "context": null,
                  "code": "request.post('/grade')\n.send({\"id\": 999, \"llm_code\": \"function foo(a, b) { return a + b; }\", \"user_id\": \"75043986\"})\n.set({'Authorization': `Bearer ${process.env.JWT_TEST_TOKEN}`})\n.set('Accept', 'application/json')\n.end(function(err, res) {\n    expect(res.statusCode).to.equal(400);\n    if (err) done(err);\n    done();\n})",
                  "err": {},
                  "uuid": "2e7cb577-957d-4025-8d23-9acb05cb3dcf",
                  "parentUUID": "dc06a90b-6fa8-4b69-947f-5e8cdef0f281",
                  "isHook": false,
                  "skipped": false
                },
                {
                  "title": "Providing a regular, valid function for grade",
                  "fullTitle": "Tests for the Ollama backend REST API endpoints Testing the POST endpoint for /grade Providing a regular, valid function for grade",
                  "timedOut": false,
                  "duration": 5061,
                  "state": "passed",
                  "speed": "slow",
                  "pass": true,
                  "fail": false,
                  "pending": false,
                  "context": null,
                  "code": "request.post('/grade')\n.send({\"id\": 1, \"desc\": \"Takes two numbers and adds them together\", \"user_id\": \"75043986\"})\n.set({'Authorization': `Bearer ${process.env.JWT_TEST_TOKEN}`})\n.set('Accept', 'application/json')\n.expect('Content-Type', /json/)\n.expect(200)\n.end(function(err, res) {\n    expect(res.body).to.not.equal(null);\n    expect(res.body.results.length).to.equal(3);\n    expect(res.body.results[0].score).to.equal(1);\n    expect(res.body.results[1].score).to.equal(1);\n    expect(res.body.results[2].score).to.equal(1);\n    if (err) done(err);\n    done();\n})",
                  "err": {},
                  "uuid": "00b4a174-1a48-4657-8f39-363d97b78b41",
                  "parentUUID": "dc06a90b-6fa8-4b69-947f-5e8cdef0f281",
                  "isHook": false,
                  "skipped": false
                }
              ],
              "suites": [],
              "passes": [
                "794f5bb5-2b04-4b20-8616-45e454de4893",
                "0ee17f2e-2702-4c29-9cf9-477e8bfe6d17",
                "2e7cb577-957d-4025-8d23-9acb05cb3dcf",
                "00b4a174-1a48-4657-8f39-363d97b78b41"
              ],
              "failures": [],
              "pending": [],
              "skipped": [],
              "duration": 15198,
              "root": false,
              "rootEmpty": false,
              "_timeout": 300000
            },
            {
              "uuid": "b9163c12-cdb9-4183-a8e3-def0da5442f3",
              "title": "Testing question and unit test GET endpoints",
              "fullFile": "/usr/src/app/server/test/app.test.js",
              "file": "/test/app.test.js",
              "beforeHooks": [],
              "afterHooks": [],
              "tests": [
                {
                  "title": "Fetching question 1",
                  "fullTitle": "Tests for the Ollama backend REST API endpoints Testing question and unit test GET endpoints Fetching question 1",
                  "timedOut": false,
                  "duration": 4,
                  "state": "passed",
                  "speed": "fast",
                  "pass": true,
                  "fail": false,
                  "pending": false,
                  "context": null,
                  "code": "request.get('/question/1')\n.end(function(err, res) {\n    expect(res.statusCode).to.equal(200);\n    expect(res.body).to.not.equal(null);\n    if (err) done(err);\n    done();\n})",
                  "err": {},
                  "uuid": "26d59f79-3675-441f-b55e-b9cd60471519",
                  "parentUUID": "b9163c12-cdb9-4183-a8e3-def0da5442f3",
                  "isHook": false,
                  "skipped": false
                },
                {
                  "title": "Fetching a non-existant question",
                  "fullTitle": "Tests for the Ollama backend REST API endpoints Testing question and unit test GET endpoints Fetching a non-existant question",
                  "timedOut": false,
                  "duration": 1,
                  "state": "passed",
                  "speed": "fast",
                  "pass": true,
                  "fail": false,
                  "pending": false,
                  "context": null,
                  "code": "request.get('/question/ford_prefect')\n.end(function(err, res) {\n    expect(res.statusCode).to.equal(400);\n    expect(res.body).to.not.equal(null);\n    expect(res.body.error).to.equal(\"Failed to retrieve the question.\");\n    if (err) done(err);\n    done();\n})",
                  "err": {},
                  "uuid": "e0f77b6d-042d-464b-b5ea-7f868eb2facc",
                  "parentUUID": "b9163c12-cdb9-4183-a8e3-def0da5442f3",
                  "isHook": false,
                  "skipped": false
                },
                {
                  "title": "Fetching unit tests for question 1",
                  "fullTitle": "Tests for the Ollama backend REST API endpoints Testing question and unit test GET endpoints Fetching unit tests for question 1",
                  "timedOut": false,
                  "duration": 6,
                  "state": "passed",
                  "speed": "fast",
                  "pass": true,
                  "fail": false,
                  "pending": false,
                  "context": null,
                  "code": "request.get('/unit_tests/1')\n.end(function(err, res) {\n    expect(res.body).to.not.equal(null);\n    expect(res.body.length).to.equal(3);\n    expect(res.body[0].desc).to.equal(\"A test to check if adding properly.\");\n    expect(res.body[1].desc).to.equal(\"A less basic test to check if adding properly.\");\n    expect(res.body[2].desc).to.equal(\"Another basic test to check if adding properly.\");\n    if (err) done(err);\n    done();\n})",
                  "err": {},
                  "uuid": "03343bd7-2fd7-428f-a995-74199fcbfa5e",
                  "parentUUID": "b9163c12-cdb9-4183-a8e3-def0da5442f3",
                  "isHook": false,
                  "skipped": false
                },
                {
                  "title": "Fetching a non-existant set of unit tests",
                  "fullTitle": "Tests for the Ollama backend REST API endpoints Testing question and unit test GET endpoints Fetching a non-existant set of unit tests",
                  "timedOut": false,
                  "duration": 15,
                  "state": "passed",
                  "speed": "fast",
                  "pass": true,
                  "fail": false,
                  "pending": false,
                  "context": null,
                  "code": "request.get('/unit_tests/ford_prefect')\n.end(function(err, res) {\n    expect(res.statusCode).to.equal(400);\n    expect(res.body).to.not.equal(null);\n    expect(res.body.error).to.equal(\"Failed to retrieve test cases.\");\n    if (err) done(err);\n    done();\n})",
                  "err": {},
                  "uuid": "958caa4c-981e-4fa6-91f0-9676127dc24d",
                  "parentUUID": "b9163c12-cdb9-4183-a8e3-def0da5442f3",
                  "isHook": false,
                  "skipped": false
                }
              ],
              "suites": [],
              "passes": [
                "26d59f79-3675-441f-b55e-b9cd60471519",
                "e0f77b6d-042d-464b-b5ea-7f868eb2facc",
                "03343bd7-2fd7-428f-a995-74199fcbfa5e",
                "958caa4c-981e-4fa6-91f0-9676127dc24d"
              ],
              "failures": [],
              "pending": [],
              "skipped": [],
              "duration": 26,
              "root": false,
              "rootEmpty": false,
              "_timeout": 300000
            }
          ],
          "passes": [],
          "failures": [],
          "pending": [],
          "skipped": [],
          "duration": 0,
          "root": false,
          "rootEmpty": false,
          "_timeout": 300000
        },
        {
          "uuid": "a4d1a0bc-45c0-40fd-b635-d8810a12d94f",
          "title": "Tests for Ollama Backend Fetching, Parsing, and Grading Helpers",
          "fullFile": "/usr/src/app/server/test/ollama_api.test.js",
          "file": "/test/ollama_api.test.js",
          "beforeHooks": [],
          "afterHooks": [],
          "tests": [],
          "suites": [
            {
              "uuid": "3d99892f-015f-4d86-8bbe-d0a97e452b64",
              "title": "Testing the GeneratePrompt function",
              "fullFile": "/usr/src/app/server/test/ollama_api.test.js",
              "file": "/test/ollama_api.test.js",
              "beforeHooks": [],
              "afterHooks": [],
              "tests": [
                {
                  "title": "Basic description of a function test",
                  "fullTitle": "Tests for Ollama Backend Fetching, Parsing, and Grading Helpers Testing the GeneratePrompt function Basic description of a function test",
                  "timedOut": false,
                  "duration": 0,
                  "state": "passed",
                  "speed": "fast",
                  "pass": true,
                  "fail": false,
                  "pending": false,
                  "context": null,
                  "code": "const prompt = oa.GeneratePrompt(\"hello world\");\nexpect(prompt)\n.to\n.equal(\"Write me a Javascript function that has the following purpose: hello world. Only show me the code and call the function foo.\")",
                  "err": {},
                  "uuid": "31eee8f5-a2e5-402d-b9f4-15f0ebe14fd8",
                  "parentUUID": "3d99892f-015f-4d86-8bbe-d0a97e452b64",
                  "isHook": false,
                  "skipped": false
                },
                {
                  "title": "Missing description (empty string)",
                  "fullTitle": "Tests for Ollama Backend Fetching, Parsing, and Grading Helpers Testing the GeneratePrompt function Missing description (empty string)",
                  "timedOut": false,
                  "duration": 1,
                  "state": "passed",
                  "speed": "fast",
                  "pass": true,
                  "fail": false,
                  "pending": false,
                  "context": null,
                  "code": "const prompt = oa.GeneratePrompt(\"\");\nexpect(prompt)\n.to\n.equal(null)",
                  "err": {},
                  "uuid": "322110d0-418d-401b-9931-82ff6d3290fb",
                  "parentUUID": "3d99892f-015f-4d86-8bbe-d0a97e452b64",
                  "isHook": false,
                  "skipped": false
                },
                {
                  "title": "Missing description (empty string)",
                  "fullTitle": "Tests for Ollama Backend Fetching, Parsing, and Grading Helpers Testing the GeneratePrompt function Missing description (empty string)",
                  "timedOut": false,
                  "duration": 0,
                  "state": "passed",
                  "speed": "fast",
                  "pass": true,
                  "fail": false,
                  "pending": false,
                  "context": null,
                  "code": "const prompt = oa.GeneratePrompt(null);\nexpect(prompt)\n.to\n.equal(null)",
                  "err": {},
                  "uuid": "a5d9c0ff-783e-4fc5-9f47-fe052f4bd8ad",
                  "parentUUID": "3d99892f-015f-4d86-8bbe-d0a97e452b64",
                  "isHook": false,
                  "skipped": false
                },
                {
                  "title": "Missing description (empty string)",
                  "fullTitle": "Tests for Ollama Backend Fetching, Parsing, and Grading Helpers Testing the GeneratePrompt function Missing description (empty string)",
                  "timedOut": false,
                  "duration": 0,
                  "state": "passed",
                  "speed": "fast",
                  "pass": true,
                  "fail": false,
                  "pending": false,
                  "context": null,
                  "code": "const prompt = oa.GeneratePrompt();\nexpect(prompt)\n.to\n.equal(null)",
                  "err": {},
                  "uuid": "c0891386-cab0-45d2-b875-e7ff92219571",
                  "parentUUID": "3d99892f-015f-4d86-8bbe-d0a97e452b64",
                  "isHook": false,
                  "skipped": false
                }
              ],
              "suites": [],
              "passes": [
                "31eee8f5-a2e5-402d-b9f4-15f0ebe14fd8",
                "322110d0-418d-401b-9931-82ff6d3290fb",
                "a5d9c0ff-783e-4fc5-9f47-fe052f4bd8ad",
                "c0891386-cab0-45d2-b875-e7ff92219571"
              ],
              "failures": [],
              "pending": [],
              "skipped": [],
              "duration": 1,
              "root": false,
              "rootEmpty": false,
              "_timeout": 300000
            },
            {
              "uuid": "c151de6b-a4cb-4e09-ad08-28ea6a8ab225",
              "title": "Testing the ParseResponse function",
              "fullFile": "/usr/src/app/server/test/ollama_api.test.js",
              "file": "/test/ollama_api.test.js",
              "beforeHooks": [],
              "afterHooks": [],
              "tests": [
                {
                  "title": "Regular response from LLM",
                  "fullTitle": "Tests for Ollama Backend Fetching, Parsing, and Grading Helpers Testing the ParseResponse function Regular response from LLM",
                  "timedOut": false,
                  "duration": 0,
                  "state": "passed",
                  "speed": "fast",
                  "pass": true,
                  "fail": false,
                  "pending": false,
                  "context": null,
                  "code": "const resp = oa.ParseLLMResponse(llm_two_sum_response);\nexpect(resp).to.contain('function foo');\nexpect(resp).to.not.contain(\"```\");\nexpect(resp).to.contain('return a + b');",
                  "err": {},
                  "uuid": "166d2203-b8df-45fb-b0d3-9c607c073d89",
                  "parentUUID": "c151de6b-a4cb-4e09-ad08-28ea6a8ab225",
                  "isHook": false,
                  "skipped": false
                },
                {
                  "title": "Parsing error response from LLM",
                  "fullTitle": "Tests for Ollama Backend Fetching, Parsing, and Grading Helpers Testing the ParseResponse function Parsing error response from LLM",
                  "timedOut": false,
                  "duration": 0,
                  "state": "passed",
                  "speed": "fast",
                  "pass": true,
                  "fail": false,
                  "pending": false,
                  "context": null,
                  "code": "const resp = oa.ParseLLMResponse(null);\nexpect(resp).to.equal(null);",
                  "err": {},
                  "uuid": "8bd41fee-e763-4776-9cab-abf99b802777",
                  "parentUUID": "c151de6b-a4cb-4e09-ad08-28ea6a8ab225",
                  "isHook": false,
                  "skipped": false
                },
                {
                  "title": "Parsing undefined",
                  "fullTitle": "Tests for Ollama Backend Fetching, Parsing, and Grading Helpers Testing the ParseResponse function Parsing undefined",
                  "timedOut": false,
                  "duration": 0,
                  "state": "passed",
                  "speed": "fast",
                  "pass": true,
                  "fail": false,
                  "pending": false,
                  "context": null,
                  "code": "const resp = oa.ParseLLMResponse();\nexpect(resp).to.equal(null);",
                  "err": {},
                  "uuid": "e00efedd-0251-46ed-8d20-32f78f43501e",
                  "parentUUID": "c151de6b-a4cb-4e09-ad08-28ea6a8ab225",
                  "isHook": false,
                  "skipped": false
                },
                {
                  "title": "Parsing a weird response from LLM",
                  "fullTitle": "Tests for Ollama Backend Fetching, Parsing, and Grading Helpers Testing the ParseResponse function Parsing a weird response from LLM",
                  "timedOut": false,
                  "duration": 0,
                  "state": "passed",
                  "speed": "fast",
                  "pass": true,
                  "fail": false,
                  "pending": false,
                  "context": null,
                  "code": "const resp = oa.ParseLLMResponse(weird_llm_response);\nexpect(resp).to.contain('function');\nexpect(resp).to.not.contain(\"```\");\nexpect(resp).to.contain('toLowerCase');",
                  "err": {},
                  "uuid": "2840d85c-8898-492a-a90f-325e766fa581",
                  "parentUUID": "c151de6b-a4cb-4e09-ad08-28ea6a8ab225",
                  "isHook": false,
                  "skipped": false
                }
              ],
              "suites": [],
              "passes": [
                "166d2203-b8df-45fb-b0d3-9c607c073d89",
                "8bd41fee-e763-4776-9cab-abf99b802777",
                "e00efedd-0251-46ed-8d20-32f78f43501e",
                "2840d85c-8898-492a-a90f-325e766fa581"
              ],
              "failures": [],
              "pending": [],
              "skipped": [],
              "duration": 0,
              "root": false,
              "rootEmpty": false,
              "_timeout": 300000
            },
            {
              "uuid": "a460f9b3-5eca-4c7d-a6bd-92e210962f76",
              "title": "Testing the FetchResponse function",
              "fullFile": "/usr/src/app/server/test/ollama_api.test.js",
              "file": "/test/ollama_api.test.js",
              "beforeHooks": [],
              "afterHooks": [],
              "tests": [
                {
                  "title": "Fetching response for regular query",
                  "fullTitle": "Tests for Ollama Backend Fetching, Parsing, and Grading Helpers Testing the FetchResponse function Fetching response for regular query",
                  "timedOut": false,
                  "duration": 7806,
                  "state": "passed",
                  "speed": "slow",
                  "pass": true,
                  "fail": false,
                  "pending": false,
                  "context": null,
                  "code": "const resp = await oa.FetchResponse(two_sum_fn_desc.desc);\nexpect(resp).to.not.equal(null);\nexpect(resp.llm_code).to.contain(\"function\");\nexpect(resp.llm_code).to.contain(\"+\");",
                  "err": {},
                  "uuid": "9235b633-f573-4d9d-9c58-8793e0373897",
                  "parentUUID": "a460f9b3-5eca-4c7d-a6bd-92e210962f76",
                  "isHook": false,
                  "skipped": false
                },
                {
                  "title": "Fetching response for random query",
                  "fullTitle": "Tests for Ollama Backend Fetching, Parsing, and Grading Helpers Testing the FetchResponse function Fetching response for random query",
                  "timedOut": false,
                  "duration": 9546,
                  "state": "passed",
                  "speed": "slow",
                  "pass": true,
                  "fail": false,
                  "pending": false,
                  "context": null,
                  "code": "const resp = await oa.FetchResponse(\"blah\")\nexpect(resp).to.not.equal(null);",
                  "err": {},
                  "uuid": "eca8c410-3fdc-40cb-a7c6-4402e58ae253",
                  "parentUUID": "a460f9b3-5eca-4c7d-a6bd-92e210962f76",
                  "isHook": false,
                  "skipped": false
                },
                {
                  "title": "Fetching response for null query",
                  "fullTitle": "Tests for Ollama Backend Fetching, Parsing, and Grading Helpers Testing the FetchResponse function Fetching response for null query",
                  "timedOut": false,
                  "duration": 1,
                  "state": "passed",
                  "speed": "fast",
                  "pass": true,
                  "fail": false,
                  "pending": false,
                  "context": null,
                  "code": "const resp = await oa.FetchResponse(null);\nexpect(resp).to.equal(null);",
                  "err": {},
                  "uuid": "4bfbeb82-78f7-4ee2-b414-e230f8aa454a",
                  "parentUUID": "a460f9b3-5eca-4c7d-a6bd-92e210962f76",
                  "isHook": false,
                  "skipped": false
                },
                {
                  "title": "Fetching response for missing query",
                  "fullTitle": "Tests for Ollama Backend Fetching, Parsing, and Grading Helpers Testing the FetchResponse function Fetching response for missing query",
                  "timedOut": false,
                  "duration": 0,
                  "state": "passed",
                  "speed": "fast",
                  "pass": true,
                  "fail": false,
                  "pending": false,
                  "context": null,
                  "code": "const resp = await oa.FetchResponse();\nexpect(resp).to.equal(null);",
                  "err": {},
                  "uuid": "6a6c306b-d36e-483a-8132-7cfebdf60a00",
                  "parentUUID": "a460f9b3-5eca-4c7d-a6bd-92e210962f76",
                  "isHook": false,
                  "skipped": false
                }
              ],
              "suites": [],
              "passes": [
                "9235b633-f573-4d9d-9c58-8793e0373897",
                "eca8c410-3fdc-40cb-a7c6-4402e58ae253",
                "4bfbeb82-78f7-4ee2-b414-e230f8aa454a",
                "6a6c306b-d36e-483a-8132-7cfebdf60a00"
              ],
              "failures": [],
              "pending": [],
              "skipped": [],
              "duration": 17353,
              "root": false,
              "rootEmpty": false,
              "_timeout": 300000
            },
            {
              "uuid": "d1875c2b-9550-4c28-885c-f989d2884f38",
              "title": "Testing the isMalicious function",
              "fullFile": "/usr/src/app/server/test/ollama_api.test.js",
              "file": "/test/ollama_api.test.js",
              "beforeHooks": [],
              "afterHooks": [],
              "tests": [
                {
                  "title": "Testing malicious description",
                  "fullTitle": "Tests for Ollama Backend Fetching, Parsing, and Grading Helpers Testing the isMalicious function Testing malicious description",
                  "timedOut": false,
                  "duration": 1,
                  "state": "passed",
                  "speed": "fast",
                  "pass": true,
                  "fail": false,
                  "pending": false,
                  "context": null,
                  "code": "const result = oa.isMalicious(malicious_fn_desc);\nexpect(result).to.equal(true);",
                  "err": {},
                  "uuid": "d13b0342-b5af-486e-9d44-b7c55b46142b",
                  "parentUUID": "d1875c2b-9550-4c28-885c-f989d2884f38",
                  "isHook": false,
                  "skipped": false
                },
                {
                  "title": "Testing malicious description",
                  "fullTitle": "Tests for Ollama Backend Fetching, Parsing, and Grading Helpers Testing the isMalicious function Testing malicious description",
                  "timedOut": false,
                  "duration": 0,
                  "state": "passed",
                  "speed": "fast",
                  "pass": true,
                  "fail": false,
                  "pending": false,
                  "context": null,
                  "code": "const result = oa.isMalicious(\"for(;;)\");\nexpect(result).to.equal(true);",
                  "err": {},
                  "uuid": "97cbed4f-4d5e-4553-9518-2b97ef4451c7",
                  "parentUUID": "d1875c2b-9550-4c28-885c-f989d2884f38",
                  "isHook": false,
                  "skipped": false
                },
                {
                  "title": "Testing safe description",
                  "fullTitle": "Tests for Ollama Backend Fetching, Parsing, and Grading Helpers Testing the isMalicious function Testing safe description",
                  "timedOut": false,
                  "duration": 0,
                  "state": "passed",
                  "speed": "fast",
                  "pass": true,
                  "fail": false,
                  "pending": false,
                  "context": null,
                  "code": "const result = oa.isMalicious(two_sum_fn_desc.desc);\nexpect(result).to.equal(false);",
                  "err": {},
                  "uuid": "ab031240-b05e-4763-b242-2e4114811a9a",
                  "parentUUID": "d1875c2b-9550-4c28-885c-f989d2884f38",
                  "isHook": false,
                  "skipped": false
                },
                {
                  "title": "Testing empty description",
                  "fullTitle": "Tests for Ollama Backend Fetching, Parsing, and Grading Helpers Testing the isMalicious function Testing empty description",
                  "timedOut": false,
                  "duration": 0,
                  "state": "passed",
                  "speed": "fast",
                  "pass": true,
                  "fail": false,
                  "pending": false,
                  "context": null,
                  "code": "const result = oa.isMalicious(\"\");\nexpect(result).to.equal(false);",
                  "err": {},
                  "uuid": "3c65d79f-d736-4889-a3f4-8521926400e1",
                  "parentUUID": "d1875c2b-9550-4c28-885c-f989d2884f38",
                  "isHook": false,
                  "skipped": false
                },
                {
                  "title": "Testing null description",
                  "fullTitle": "Tests for Ollama Backend Fetching, Parsing, and Grading Helpers Testing the isMalicious function Testing null description",
                  "timedOut": false,
                  "duration": 0,
                  "state": "passed",
                  "speed": "fast",
                  "pass": true,
                  "fail": false,
                  "pending": false,
                  "context": null,
                  "code": "const result = oa.isMalicious(null);\nexpect(result).to.equal(false);",
                  "err": {},
                  "uuid": "4fefcebf-aac0-497c-b1fc-aae3f476cf0f",
                  "parentUUID": "d1875c2b-9550-4c28-885c-f989d2884f38",
                  "isHook": false,
                  "skipped": false
                },
                {
                  "title": "Testing random description",
                  "fullTitle": "Tests for Ollama Backend Fetching, Parsing, and Grading Helpers Testing the isMalicious function Testing random description",
                  "timedOut": false,
                  "duration": 0,
                  "state": "passed",
                  "speed": "fast",
                  "pass": true,
                  "fail": false,
                  "pending": false,
                  "context": null,
                  "code": "const result = oa.isMalicious(\"my name is Chris\");\nexpect(result).to.equal(false);",
                  "err": {},
                  "uuid": "e4acbc86-6da6-4f02-bc75-7c169bd4b2f6",
                  "parentUUID": "d1875c2b-9550-4c28-885c-f989d2884f38",
                  "isHook": false,
                  "skipped": false
                },
                {
                  "title": "Testing undefined description",
                  "fullTitle": "Tests for Ollama Backend Fetching, Parsing, and Grading Helpers Testing the isMalicious function Testing undefined description",
                  "timedOut": false,
                  "duration": 0,
                  "state": "passed",
                  "speed": "fast",
                  "pass": true,
                  "fail": false,
                  "pending": false,
                  "context": null,
                  "code": "const result = oa.isMalicious();\nexpect(result).to.equal(false);",
                  "err": {},
                  "uuid": "85b3d344-5295-4f7f-9a95-7ff0d5219861",
                  "parentUUID": "d1875c2b-9550-4c28-885c-f989d2884f38",
                  "isHook": false,
                  "skipped": false
                }
              ],
              "suites": [],
              "passes": [
                "d13b0342-b5af-486e-9d44-b7c55b46142b",
                "97cbed4f-4d5e-4553-9518-2b97ef4451c7",
                "ab031240-b05e-4763-b242-2e4114811a9a",
                "3c65d79f-d736-4889-a3f4-8521926400e1",
                "4fefcebf-aac0-497c-b1fc-aae3f476cf0f",
                "e4acbc86-6da6-4f02-bc75-7c169bd4b2f6",
                "85b3d344-5295-4f7f-9a95-7ff0d5219861"
              ],
              "failures": [],
              "pending": [],
              "skipped": [],
              "duration": 1,
              "root": false,
              "rootEmpty": false,
              "_timeout": 300000
            },
            {
              "uuid": "00717f6c-ef0f-420b-8d60-15405e1f0c24",
              "title": "Testing the TestGeneratedCode function",
              "fullFile": "/usr/src/app/server/test/ollama_api.test.js",
              "file": "/test/ollama_api.test.js",
              "beforeHooks": [],
              "afterHooks": [],
              "tests": [
                {
                  "title": "Testing a correctly generated LLM function for Q1",
                  "fullTitle": "Tests for Ollama Backend Fetching, Parsing, and Grading Helpers Testing the TestGeneratedCode function Testing a correctly generated LLM function for Q1",
                  "timedOut": false,
                  "duration": 1,
                  "state": "passed",
                  "speed": "fast",
                  "pass": true,
                  "fail": false,
                  "pending": false,
                  "context": null,
                  "code": "const res = oa.TestGeneratedCode({\n    \"llm_code\": \"function foo(a, b) { return a + b }\",\n    \"id\": 1\n})\n\nexpect(res.length).to.equal(3);\nexpect(res[0].desc).to.equal(\"A test to check if adding properly.\");\nexpect(res[0].score).to.equal(1);\n    \nexpect(res[1].desc).to.equal(\"A less basic test to check if adding properly.\");\nexpect(res[1].score).to.equal(1);\n    \nexpect(res[2].score).to.equal(1);\nexpect(res[2].desc).to.equal(\"Another basic test to check if adding properly.\");",
                  "err": {},
                  "uuid": "0f9f8505-6e65-434e-9d05-ac332e97cdeb",
                  "parentUUID": "00717f6c-ef0f-420b-8d60-15405e1f0c24",
                  "isHook": false,
                  "skipped": false
                },
                {
                  "title": "Testing a correctly generated LLM function for invalid q",
                  "fullTitle": "Tests for Ollama Backend Fetching, Parsing, and Grading Helpers Testing the TestGeneratedCode function Testing a correctly generated LLM function for invalid q",
                  "timedOut": false,
                  "duration": 1,
                  "state": "passed",
                  "speed": "fast",
                  "pass": true,
                  "fail": false,
                  "pending": false,
                  "context": null,
                  "code": "const res = oa.TestGeneratedCode({\n    \"llm_code\": \"function foo(a, b) { return a + b }\",\n    \"id\": 99\n})\n\nexpect(res).to.not.equal(null);\nexpect(res.length).to.equal(1);\nexpect(res[0].err).to.equal(true);\nexpect(res[0].err_reason).to.include(\"Cannot find module\");",
                  "err": {},
                  "uuid": "6df7f5e7-d50e-4b2d-9721-088b9771268b",
                  "parentUUID": "00717f6c-ef0f-420b-8d60-15405e1f0c24",
                  "isHook": false,
                  "skipped": false
                },
                {
                  "title": "Testing an incorrectly generated LLM function for Q1",
                  "fullTitle": "Tests for Ollama Backend Fetching, Parsing, and Grading Helpers Testing the TestGeneratedCode function Testing an incorrectly generated LLM function for Q1",
                  "timedOut": false,
                  "duration": 1,
                  "state": "passed",
                  "speed": "fast",
                  "pass": true,
                  "fail": false,
                  "pending": false,
                  "context": null,
                  "code": "const res = oa.TestGeneratedCode({\n    \"llm_code\": \"function foo() { return; }\",\n    \"id\": 1 \n})\n    \nexpect(res.length).to.equal(3);\nexpect(res[0]).to.not.equal(null);\nexpect(res[0].desc).to.equal(\"A test to check if adding properly.\");\nexpect(res[0].score).to.equal(0);\n    \nexpect(res[1].desc).to.equal(\"A less basic test to check if adding properly.\");\nexpect(res[1].score).to.equal(0);\n    \nexpect(res[2].score).to.equal(0);\nexpect(res[2].desc).to.equal(\"Another basic test to check if adding properly.\");",
                  "err": {},
                  "uuid": "7c0468bf-8c2b-4187-b590-e35a997e431c",
                  "parentUUID": "00717f6c-ef0f-420b-8d60-15405e1f0c24",
                  "isHook": false,
                  "skipped": false
                },
                {
                  "title": "Testing a broken function for Q1",
                  "fullTitle": "Tests for Ollama Backend Fetching, Parsing, and Grading Helpers Testing the TestGeneratedCode function Testing a broken function for Q1",
                  "timedOut": false,
                  "duration": 0,
                  "state": "passed",
                  "speed": "fast",
                  "pass": true,
                  "fail": false,
                  "pending": false,
                  "context": null,
                  "code": "const res = oa.TestGeneratedCode({\n    \"llm_code\": \"function foo() { , }\",\n    \"id\": 1 \n})\n    \nexpect(res.length).to.equal(1);\nexpect(res[0]).to.not.equal(null);\nexpect(res[0].err).to.equal(true);\nexpect(res[0].err_reason).to.contain(\"SyntaxError: Unexpected token \\',\\'\");",
                  "err": {},
                  "uuid": "4cac61cf-ff6c-4faf-9279-eb57e8c048df",
                  "parentUUID": "00717f6c-ef0f-420b-8d60-15405e1f0c24",
                  "isHook": false,
                  "skipped": false
                },
                {
                  "title": "Testing a function with missing parameters for Q1",
                  "fullTitle": "Tests for Ollama Backend Fetching, Parsing, and Grading Helpers Testing the TestGeneratedCode function Testing a function with missing parameters for Q1",
                  "timedOut": false,
                  "duration": 0,
                  "state": "passed",
                  "speed": "fast",
                  "pass": true,
                  "fail": false,
                  "pending": false,
                  "context": null,
                  "code": "const res = oa.TestGeneratedCode({\n    \"llm_code\": \"function foo() { return a + b }\",\n    \"id\": 1\n})\n    \nexpect(res.length).to.equal(1);\nexpect(res[0]).to.not.equal(null);\nexpect(res[0].err).to.equal(true);\nexpect(res[0].err_reason).to.contain(\"a is not defined\");",
                  "err": {},
                  "uuid": "b1b42626-29a5-441c-8ab8-7e9430a917f9",
                  "parentUUID": "00717f6c-ef0f-420b-8d60-15405e1f0c24",
                  "isHook": false,
                  "skipped": false
                },
                {
                  "title": "Testing improper JSON formats and undefined",
                  "fullTitle": "Tests for Ollama Backend Fetching, Parsing, and Grading Helpers Testing the TestGeneratedCode function Testing improper JSON formats and undefined",
                  "timedOut": false,
                  "duration": 0,
                  "state": "passed",
                  "speed": "fast",
                  "pass": true,
                  "fail": false,
                  "pending": false,
                  "context": null,
                  "code": "expect(oa.TestGeneratedCode({})).to.equal(null);\nexpect(oa.TestGeneratedCode({\"code\": \"hello\"})).to.equal(null);\nexpect(oa.TestGeneratedCode({\"id\": \"hello\"})).to.equal(null);\nexpect(oa.TestGeneratedCode({\"llm_code\": \"hello\"})).to.equal(null);\nexpect(oa.TestGeneratedCode(null)).to.equal(null);\nexpect(oa.TestGeneratedCode()).to.equal(null);",
                  "err": {},
                  "uuid": "2ffbf7dd-0c06-4a84-a790-961c13ef31c5",
                  "parentUUID": "00717f6c-ef0f-420b-8d60-15405e1f0c24",
                  "isHook": false,
                  "skipped": false
                }
              ],
              "suites": [],
              "passes": [
                "0f9f8505-6e65-434e-9d05-ac332e97cdeb",
                "6df7f5e7-d50e-4b2d-9721-088b9771268b",
                "7c0468bf-8c2b-4187-b590-e35a997e431c",
                "4cac61cf-ff6c-4faf-9279-eb57e8c048df",
                "b1b42626-29a5-441c-8ab8-7e9430a917f9",
                "2ffbf7dd-0c06-4a84-a790-961c13ef31c5"
              ],
              "failures": [],
              "pending": [],
              "skipped": [],
              "duration": 3,
              "root": false,
              "rootEmpty": false,
              "_timeout": 300000
            },
            {
              "uuid": "8d61d3f5-dfba-4d6a-8b03-8e9044d8498d",
              "title": "Combining everything",
              "fullFile": "/usr/src/app/server/test/ollama_api.test.js",
              "file": "/test/ollama_api.test.js",
              "beforeHooks": [],
              "afterHooks": [],
              "tests": [
                {
                  "title": "Regular test with proper query",
                  "fullTitle": "Tests for Ollama Backend Fetching, Parsing, and Grading Helpers Combining everything Regular test with proper query",
                  "timedOut": false,
                  "duration": 9006,
                  "state": "passed",
                  "speed": "slow",
                  "pass": true,
                  "fail": false,
                  "pending": false,
                  "context": null,
                  "code": "const resp = await oa.FetchResponse(two_sum_fn_desc.desc);\nexpect(resp).to.not.equal(null);\nexpect(resp.llm_code.startsWith(\"function\")).to.equal(true);\nexpect(resp.llm_code).to.match(/function(.|\\s)*\\}/);\n    \nresp.id = 1;\n\nconst graded = oa.TestGeneratedCode(resp);\nexpect(graded.length).to.equal(3);\nexpect(graded[0].score).to.equal(1);\nexpect(graded[0].desc).to.equal(\"A test to check if adding properly.\");\nexpect(graded[1].score).to.equal(1);\nexpect(graded[1].desc).to.equal(\"A less basic test to check if adding properly.\");\nexpect(graded[2].score).to.equal(1);\nexpect(graded[2].desc).to.equal(\"Another basic test to check if adding properly.\");",
                  "err": {},
                  "uuid": "f6853e3f-0f15-4491-b773-e4af7b2e50ce",
                  "parentUUID": "8d61d3f5-dfba-4d6a-8b03-8e9044d8498d",
                  "isHook": false,
                  "skipped": false
                }
              ],
              "suites": [],
              "passes": [
                "f6853e3f-0f15-4491-b773-e4af7b2e50ce"
              ],
              "failures": [],
              "pending": [],
              "skipped": [],
              "duration": 9006,
              "root": false,
              "rootEmpty": false,
              "_timeout": 300000
            },
            {
              "uuid": "05860394-f209-43a7-888e-3d1b7d3ebe7c",
              "title": "Testing the getTotalScore function",
              "fullFile": "/usr/src/app/server/test/ollama_api.test.js",
              "file": "/test/ollama_api.test.js",
              "beforeHooks": [],
              "afterHooks": [],
              "tests": [
                {
                  "title": "Testing when results are null/undefined",
                  "fullTitle": "Tests for Ollama Backend Fetching, Parsing, and Grading Helpers Testing the getTotalScore function Testing when results are null/undefined",
                  "timedOut": false,
                  "duration": 0,
                  "state": "passed",
                  "speed": "fast",
                  "pass": true,
                  "fail": false,
                  "pending": false,
                  "context": null,
                  "code": "expect(oa.getTotalScore()).to.equal(null);\nexpect(oa.getTotalScore(null)).to.equal(null);\nexpect(oa.getTotalScore([])).to.equal(0);",
                  "err": {},
                  "uuid": "ea99f75d-48cb-41b1-a453-2f26309a9c9b",
                  "parentUUID": "05860394-f209-43a7-888e-3d1b7d3ebe7c",
                  "isHook": false,
                  "skipped": false
                },
                {
                  "title": "Testing when error in testing function (i.e. errors)",
                  "fullTitle": "Tests for Ollama Backend Fetching, Parsing, and Grading Helpers Testing the getTotalScore function Testing when error in testing function (i.e. errors)",
                  "timedOut": false,
                  "duration": 0,
                  "state": "passed",
                  "speed": "fast",
                  "pass": true,
                  "fail": false,
                  "pending": false,
                  "context": null,
                  "code": "expect(oa.getTotalScore(err_results)).to.equal(0);",
                  "err": {},
                  "uuid": "bd398bc9-0ba2-4e98-be5e-521f194557ab",
                  "parentUUID": "05860394-f209-43a7-888e-3d1b7d3ebe7c",
                  "isHook": false,
                  "skipped": false
                },
                {
                  "title": "Testing with normal results",
                  "fullTitle": "Tests for Ollama Backend Fetching, Parsing, and Grading Helpers Testing the getTotalScore function Testing with normal results",
                  "timedOut": false,
                  "duration": 0,
                  "state": "passed",
                  "speed": "fast",
                  "pass": true,
                  "fail": false,
                  "pending": false,
                  "context": null,
                  "code": "expect(oa.getTotalScore(normal_results)).to.equal(6);",
                  "err": {},
                  "uuid": "1567b384-f477-4267-81fd-4581bf5f110a",
                  "parentUUID": "05860394-f209-43a7-888e-3d1b7d3ebe7c",
                  "isHook": false,
                  "skipped": false
                }
              ],
              "suites": [],
              "passes": [
                "ea99f75d-48cb-41b1-a453-2f26309a9c9b",
                "bd398bc9-0ba2-4e98-be5e-521f194557ab",
                "1567b384-f477-4267-81fd-4581bf5f110a"
              ],
              "failures": [],
              "pending": [],
              "skipped": [],
              "duration": 0,
              "root": false,
              "rootEmpty": false,
              "_timeout": 300000
            }
          ],
          "passes": [],
          "failures": [],
          "pending": [],
          "skipped": [],
          "duration": 0,
          "root": false,
          "rootEmpty": false,
          "_timeout": 300000
        },
        {
          "uuid": "030dec1f-1d29-492f-bf20-8b1f45e90f9b",
          "title": "Tests for user_data functions",
          "fullFile": "/usr/src/app/server/test/user_data.test.js",
          "file": "/test/user_data.test.js",
          "beforeHooks": [
            {
              "title": "\"before each\" hook in \"Tests for user_data functions\"",
              "fullTitle": "Tests for user_data functions \"before each\" hook in \"Tests for user_data functions\"",
              "timedOut": false,
              "duration": 2,
              "state": null,
              "speed": null,
              "pass": false,
              "fail": false,
              "pending": false,
              "context": null,
              "code": "clearFolder();",
              "err": {},
              "uuid": "9db10bf4-2858-41a0-8d3d-5936d4838ae4",
              "parentUUID": "030dec1f-1d29-492f-bf20-8b1f45e90f9b",
              "isHook": true,
              "skipped": false
            }
          ],
          "afterHooks": [
            {
              "title": "\"after all\" hook in \"Tests for user_data functions\"",
              "fullTitle": "Tests for user_data functions \"after all\" hook in \"Tests for user_data functions\"",
              "timedOut": false,
              "duration": 1,
              "state": null,
              "speed": null,
              "pass": false,
              "fail": false,
              "pending": false,
              "context": null,
              "code": "clearFolder();",
              "err": {},
              "uuid": "10d82773-e6ae-40e4-b9df-374f70ac7a05",
              "parentUUID": "030dec1f-1d29-492f-bf20-8b1f45e90f9b",
              "isHook": true,
              "skipped": false
            }
          ],
          "tests": [],
          "suites": [
            {
              "uuid": "7d96ab2b-6fcb-41dd-b519-b6a3e2d817a0",
              "title": "Testing the loadUserDataOnStart function",
              "fullFile": "/usr/src/app/server/test/user_data.test.js",
              "file": "/test/user_data.test.js",
              "beforeHooks": [],
              "afterHooks": [],
              "tests": [
                {
                  "title": "Testing an empty folder",
                  "fullTitle": "Tests for user_data functions Testing the loadUserDataOnStart function Testing an empty folder",
                  "timedOut": false,
                  "duration": 1,
                  "state": "passed",
                  "speed": "fast",
                  "pass": true,
                  "fail": false,
                  "pending": false,
                  "context": null,
                  "code": "const users = udata.loadUserDataOnStart(testFolderName);\nexpect(users.length).to.equal(0);",
                  "err": {},
                  "uuid": "9eaeceae-6d5e-4688-ab62-6714dab3d9de",
                  "parentUUID": "7d96ab2b-6fcb-41dd-b519-b6a3e2d817a0",
                  "isHook": false,
                  "skipped": false
                },
                {
                  "title": "Testing a non-empty folder",
                  "fullTitle": "Tests for user_data functions Testing the loadUserDataOnStart function Testing a non-empty folder",
                  "timedOut": false,
                  "duration": 8,
                  "state": "passed",
                  "speed": "fast",
                  "pass": true,
                  "fail": false,
                  "pending": false,
                  "context": null,
                  "code": "udata.initializeUserDataFile(testFolderName, user0.user_id, user0.nickname);\nudata.initializeUserDataFile(testFolderName, user1.user_id, user1.nickname);\nconst users = udata.loadUserDataOnStart(testFolderName);\nexpect(users.length).to.equal(2);",
                  "err": {},
                  "uuid": "d6acc569-7ac5-46e3-a120-0a97f025e3a3",
                  "parentUUID": "7d96ab2b-6fcb-41dd-b519-b6a3e2d817a0",
                  "isHook": false,
                  "skipped": false
                },
                {
                  "title": "Testing a non-existent folder",
                  "fullTitle": "Tests for user_data functions Testing the loadUserDataOnStart function Testing a non-existent folder",
                  "timedOut": false,
                  "duration": 0,
                  "state": "passed",
                  "speed": "fast",
                  "pass": true,
                  "fail": false,
                  "pending": false,
                  "context": null,
                  "code": "const users = udata.loadUserDataOnStart(\"nonExistentFolder\");\nexpect(users).to.equal(null);",
                  "err": {},
                  "uuid": "ebb9d9f2-f6c7-460c-8b07-136d1003eedf",
                  "parentUUID": "7d96ab2b-6fcb-41dd-b519-b6a3e2d817a0",
                  "isHook": false,
                  "skipped": false
                },
                {
                  "title": "Testing null or missing folder param",
                  "fullTitle": "Tests for user_data functions Testing the loadUserDataOnStart function Testing null or missing folder param",
                  "timedOut": false,
                  "duration": 27,
                  "state": "passed",
                  "speed": "fast",
                  "pass": true,
                  "fail": false,
                  "pending": false,
                  "context": null,
                  "code": "const users = udata.loadUserDataOnStart();\nexpect(users).to.equal(null);\nconst users2 = udata.loadUserDataOnStart(null);\nexpect(users2).to.equal(null);",
                  "err": {},
                  "uuid": "6d3d5e94-02b8-4dd8-bc4a-d61a5c38f58e",
                  "parentUUID": "7d96ab2b-6fcb-41dd-b519-b6a3e2d817a0",
                  "isHook": false,
                  "skipped": false
                }
              ],
              "suites": [],
              "passes": [
                "9eaeceae-6d5e-4688-ab62-6714dab3d9de",
                "d6acc569-7ac5-46e3-a120-0a97f025e3a3",
                "ebb9d9f2-f6c7-460c-8b07-136d1003eedf",
                "6d3d5e94-02b8-4dd8-bc4a-d61a5c38f58e"
              ],
              "failures": [],
              "pending": [],
              "skipped": [],
              "duration": 36,
              "root": false,
              "rootEmpty": false,
              "_timeout": 300000
            },
            {
              "uuid": "fc3ffa2b-716a-413d-90b5-fd7158752246",
              "title": "Testing the initializeUserDataFile function",
              "fullFile": "/usr/src/app/server/test/user_data.test.js",
              "file": "/test/user_data.test.js",
              "beforeHooks": [],
              "afterHooks": [],
              "tests": [
                {
                  "title": "Initializing an existing user",
                  "fullTitle": "Tests for user_data functions Testing the initializeUserDataFile function Initializing an existing user",
                  "timedOut": false,
                  "duration": 2,
                  "state": "passed",
                  "speed": "fast",
                  "pass": true,
                  "fail": false,
                  "pending": false,
                  "context": null,
                  "code": "let res = udata.initializeUserDataFile(testFolderName, user0.user_id, user0.nickname);\nexpect(udata.getUsers().length).to.equal(1);\nexpect(res).to.equal(\"success\");\nres = udata.initializeUserDataFile(testFolderName, user0.user_id, user0.nickname);\nexpect(udata.getUsers().length).to.equal(1);\nexpect(res).to.equal(null);",
                  "err": {},
                  "uuid": "e5344d6b-359f-4441-aa88-3988685d2176",
                  "parentUUID": "fc3ffa2b-716a-413d-90b5-fd7158752246",
                  "isHook": false,
                  "skipped": false
                },
                {
                  "title": "Initializing multiple users",
                  "fullTitle": "Tests for user_data functions Testing the initializeUserDataFile function Initializing multiple users",
                  "timedOut": false,
                  "duration": 4,
                  "state": "passed",
                  "speed": "fast",
                  "pass": true,
                  "fail": false,
                  "pending": false,
                  "context": null,
                  "code": "let res = udata.initializeUserDataFile(testFolderName, user0.user_id, user0.nickname);\nexpect(udata.getUsers().length).to.equal(1);\nexpect(res).to.equal(\"success\");\nres = udata.initializeUserDataFile(testFolderName, user1.user_id, user1.nickname);\nexpect(udata.getUsers().length).to.equal(2);\nexpect(res).to.equal(\"success\");",
                  "err": {},
                  "uuid": "2e0aba81-48bb-45c9-bc9c-74b2f0a8801e",
                  "parentUUID": "fc3ffa2b-716a-413d-90b5-fd7158752246",
                  "isHook": false,
                  "skipped": false
                },
                {
                  "title": "Initializing with null and invalid folder",
                  "fullTitle": "Tests for user_data functions Testing the initializeUserDataFile function Initializing with null and invalid folder",
                  "timedOut": false,
                  "duration": 0,
                  "state": "passed",
                  "speed": "fast",
                  "pass": true,
                  "fail": false,
                  "pending": false,
                  "context": null,
                  "code": "let res = udata.initializeUserDataFile(null, user0.user_id, user0.nickname);\nexpect(res).to.equal(null);\nexpect(udata.getUsers().length).to.equal(0);\nres = udata.initializeUserDataFile(\"nonExistentFolder\", user0.user_id, user0.nickname);\nexpect(res).to.equal(null);\nexpect(udata.getUsers().length).to.equal(0);",
                  "err": {},
                  "uuid": "c021e65f-ba5f-4427-87b6-5b9d8d2c526e",
                  "parentUUID": "fc3ffa2b-716a-413d-90b5-fd7158752246",
                  "isHook": false,
                  "skipped": false
                },
                {
                  "title": "Initializing with null/missing userid/nickname",
                  "fullTitle": "Tests for user_data functions Testing the initializeUserDataFile function Initializing with null/missing userid/nickname",
                  "timedOut": false,
                  "duration": 1,
                  "state": "passed",
                  "speed": "fast",
                  "pass": true,
                  "fail": false,
                  "pending": false,
                  "context": null,
                  "code": "let res = udata.initializeUserDataFile(testFolderName, null, null);\nexpect(res).to.equal(null);\nexpect(udata.getUsers().length).to.equal(0);\nres = udata.initializeUserDataFile(\"nonExistentFolder\");\nexpect(res).to.equal(null);\nexpect(udata.getUsers().length).to.equal(0);",
                  "err": {},
                  "uuid": "524f950c-bee9-4905-b297-ba86a0cd5438",
                  "parentUUID": "fc3ffa2b-716a-413d-90b5-fd7158752246",
                  "isHook": false,
                  "skipped": false
                },
                {
                  "title": "Initializing with all null/missing params",
                  "fullTitle": "Tests for user_data functions Testing the initializeUserDataFile function Initializing with all null/missing params",
                  "timedOut": false,
                  "duration": 1,
                  "state": "passed",
                  "speed": "fast",
                  "pass": true,
                  "fail": false,
                  "pending": false,
                  "context": null,
                  "code": "let res = udata.initializeUserDataFile(null, null, null);\nexpect(res).to.equal(null);\nexpect(udata.getUsers().length).to.equal(0);\nres = udata.initializeUserDataFile();\nexpect(res).to.equal(null);\nexpect(udata.getUsers().length).to.equal(0);",
                  "err": {},
                  "uuid": "88e46bd6-804e-4cbc-a3b2-5d504684c309",
                  "parentUUID": "fc3ffa2b-716a-413d-90b5-fd7158752246",
                  "isHook": false,
                  "skipped": false
                }
              ],
              "suites": [],
              "passes": [
                "e5344d6b-359f-4441-aa88-3988685d2176",
                "2e0aba81-48bb-45c9-bc9c-74b2f0a8801e",
                "c021e65f-ba5f-4427-87b6-5b9d8d2c526e",
                "524f950c-bee9-4905-b297-ba86a0cd5438",
                "88e46bd6-804e-4cbc-a3b2-5d504684c309"
              ],
              "failures": [],
              "pending": [],
              "skipped": [],
              "duration": 8,
              "root": false,
              "rootEmpty": false,
              "_timeout": 300000
            },
            {
              "uuid": "1bac4886-3757-42f2-8a72-fc4e233e53bb",
              "title": "Testing the updateUserDataFile function",
              "fullFile": "/usr/src/app/server/test/user_data.test.js",
              "file": "/test/user_data.test.js",
              "beforeHooks": [],
              "afterHooks": [],
              "tests": [
                {
                  "title": "Updating an existing user, correct directory",
                  "fullTitle": "Tests for user_data functions Testing the updateUserDataFile function Updating an existing user, correct directory",
                  "timedOut": false,
                  "duration": 2,
                  "state": "passed",
                  "speed": "fast",
                  "pass": true,
                  "fail": false,
                  "pending": false,
                  "context": null,
                  "code": "udata.initializeUserDataFile(testFolderName, user0.user_id, user0.nickname);\nconst updatedUser = {\n    \"user_id\": \"1234567890\",\n    \"nickname\": \"mikey\",\n    \"questions_solved\": {\n        \"1\": 3,\n        \"2\": 2\n    },\n    \"num_points\": 5\n}\nres = udata.updateUserDataFile(testFolderName, updatedUser);\nexpect(res).to.equal(\"success\");\nconst retrievedUser = udata.getUserDataFile(testFolderName, updatedUser.user_id);\nexpect(retrievedUser.user_id).to.equal(updatedUser.user_id);\nexpect(retrievedUser.nickname).to.equal(updatedUser.nickname);\nexpect(retrievedUser.questions_solved[\"1\"]).to.equal(3);\nexpect(retrievedUser.questions_solved[\"2\"]).to.equal(2);\nexpect(retrievedUser.num_points).to.equal(5);",
                  "err": {},
                  "uuid": "ca33c555-4b17-4261-a639-82e3e089ffbe",
                  "parentUUID": "1bac4886-3757-42f2-8a72-fc4e233e53bb",
                  "isHook": false,
                  "skipped": false
                },
                {
                  "title": "Updating an existing user, wrong directory",
                  "fullTitle": "Tests for user_data functions Testing the updateUserDataFile function Updating an existing user, wrong directory",
                  "timedOut": false,
                  "duration": 1,
                  "state": "passed",
                  "speed": "fast",
                  "pass": true,
                  "fail": false,
                  "pending": false,
                  "context": null,
                  "code": "udata.initializeUserDataFile(testFolderName, user0.user_id, user0.nickname);\nconst updatedUser = {\n    \"user_id\": \"1234567890\",\n    \"nickname\": \"mikey\",\n    \"questions_solved\": {\n        \"1\": 3,\n        \"2\": 2\n    },\n    \"num_points\": 5\n}\nres = udata.updateUserDataFile(\"nonExistentFolder\", updatedUser);\nexpect(res).to.equal(null);",
                  "err": {},
                  "uuid": "128a58d3-e98d-4ab1-af8d-fac211173023",
                  "parentUUID": "1bac4886-3757-42f2-8a72-fc4e233e53bb",
                  "isHook": false,
                  "skipped": false
                },
                {
                  "title": "Updating with null/undefined params",
                  "fullTitle": "Tests for user_data functions Testing the updateUserDataFile function Updating with null/undefined params",
                  "timedOut": false,
                  "duration": 0,
                  "state": "passed",
                  "speed": "fast",
                  "pass": true,
                  "fail": false,
                  "pending": false,
                  "context": null,
                  "code": "expect(udata.updateUserDataFile(null, null)).to.equal(null);\nexpect(udata.updateUserDataFile()).to.equal(null);\nexpect(udata.updateUserDataFile(null, user0)).to.equal(null);\nexpect(udata.updateUserDataFile(testFolderName, null)).to.equal(null);",
                  "err": {},
                  "uuid": "0faf57d4-93dd-4f2d-a6ec-8a480c1743c2",
                  "parentUUID": "1bac4886-3757-42f2-8a72-fc4e233e53bb",
                  "isHook": false,
                  "skipped": false
                },
                {
                  "title": "Updating non-existent user, correct directory",
                  "fullTitle": "Tests for user_data functions Testing the updateUserDataFile function Updating non-existent user, correct directory",
                  "timedOut": false,
                  "duration": 1,
                  "state": "passed",
                  "speed": "fast",
                  "pass": true,
                  "fail": false,
                  "pending": false,
                  "context": null,
                  "code": "const updatedUser = {\n    \"user_id\": \"1234567890\",\n    \"nickname\": \"mikey\",\n    \"questions_solved\": {\n        \"1\": 3,\n        \"2\": 2\n    },\n    \"num_points\": 5\n}\nres = udata.updateUserDataFile(testFolderName, updatedUser);\nexpect(res).to.equal(\"success\");\nconst retrievedUser = udata.getUserDataFile(testFolderName, updatedUser.user_id);\nexpect(retrievedUser.user_id).to.equal(updatedUser.user_id);\nexpect(retrievedUser.nickname).to.equal(updatedUser.nickname);\nexpect(retrievedUser.questions_solved[\"1\"]).to.equal(3);\nexpect(retrievedUser.questions_solved[\"2\"]).to.equal(2);\nexpect(retrievedUser.num_points).to.equal(5);",
                  "err": {},
                  "uuid": "bb212244-5ae3-488f-9ae4-c6b394c9e412",
                  "parentUUID": "1bac4886-3757-42f2-8a72-fc4e233e53bb",
                  "isHook": false,
                  "skipped": false
                }
              ],
              "suites": [],
              "passes": [
                "ca33c555-4b17-4261-a639-82e3e089ffbe",
                "128a58d3-e98d-4ab1-af8d-fac211173023",
                "0faf57d4-93dd-4f2d-a6ec-8a480c1743c2",
                "bb212244-5ae3-488f-9ae4-c6b394c9e412"
              ],
              "failures": [],
              "pending": [],
              "skipped": [],
              "duration": 4,
              "root": false,
              "rootEmpty": false,
              "_timeout": 300000
            },
            {
              "uuid": "405bdca2-920a-4526-835a-6f1ee267af6b",
              "title": "Testing the updateQuestionScore function",
              "fullFile": "/usr/src/app/server/test/user_data.test.js",
              "file": "/test/user_data.test.js",
              "beforeHooks": [],
              "afterHooks": [],
              "tests": [
                {
                  "title": "Testing null/undefined params",
                  "fullTitle": "Tests for user_data functions Testing the updateQuestionScore function Testing null/undefined params",
                  "timedOut": false,
                  "duration": 0,
                  "state": "passed",
                  "speed": "fast",
                  "pass": true,
                  "fail": false,
                  "pending": false,
                  "context": null,
                  "code": "expect(udata.updateQuestionScore(null, null)).to.equal(null);\nexpect(udata.updateQuestionScore()).to.equal(null);\nexpect(udata.updateQuestionScore(null, newQuestionData)).to.equal(null);\nexpect(udata.updateQuestionScore(user0, null)).to.equal(null);",
                  "err": {},
                  "uuid": "a4c9d016-c014-4ec1-94b9-942d017d1a9d",
                  "parentUUID": "405bdca2-920a-4526-835a-6f1ee267af6b",
                  "isHook": false,
                  "skipped": false
                },
                {
                  "title": "Testing valid user, new score",
                  "fullTitle": "Tests for user_data functions Testing the updateQuestionScore function Testing valid user, new score",
                  "timedOut": false,
                  "duration": 3,
                  "state": "passed",
                  "speed": "fast",
                  "pass": true,
                  "fail": false,
                  "pending": false,
                  "context": null,
                  "code": "udata.initializeUserDataFile(testFolderName, user0.user_id, user0.nickname);\nlet user = udata.getUserDataFile(testFolderName, user0.user_id);\nlet updatedUser = udata.updateQuestionScore(user, newQuestionData)\nexpect(updatedUser.questions_solved[newQuestionData.qid]).to.equal(newQuestionData.score);\nexpect(updatedUser.num_points).to.equal(2);",
                  "err": {},
                  "uuid": "00ddd341-25c5-42a8-af8a-1d151bef1be5",
                  "parentUUID": "405bdca2-920a-4526-835a-6f1ee267af6b",
                  "isHook": false,
                  "skipped": false
                },
                {
                  "title": "Testing valid user, lower score",
                  "fullTitle": "Tests for user_data functions Testing the updateQuestionScore function Testing valid user, lower score",
                  "timedOut": false,
                  "duration": 4,
                  "state": "passed",
                  "speed": "fast",
                  "pass": true,
                  "fail": false,
                  "pending": false,
                  "context": null,
                  "code": "udata.initializeUserDataFile(testFolderName, user0.user_id, user0.nickname);\nlet user = udata.getUserDataFile(testFolderName, user0.user_id);\nlet updatedUser0 = udata.updateQuestionScore(user, newQuestionData);\nlet updatedUser1 = udata.updateQuestionScore(updatedUser0, newQuestionDataLower);\nexpect(updatedUser1.questions_solved[newQuestionData.qid]).to.equal(newQuestionData.score);\nexpect(updatedUser1.num_points).to.equal(2);",
                  "err": {},
                  "uuid": "7afe2672-e81d-4299-8e0f-d77091c25109",
                  "parentUUID": "405bdca2-920a-4526-835a-6f1ee267af6b",
                  "isHook": false,
                  "skipped": false
                },
                {
                  "title": "Testing valid user, higher score",
                  "fullTitle": "Tests for user_data functions Testing the updateQuestionScore function Testing valid user, higher score",
                  "timedOut": false,
                  "duration": 2,
                  "state": "passed",
                  "speed": "fast",
                  "pass": true,
                  "fail": false,
                  "pending": false,
                  "context": null,
                  "code": "udata.initializeUserDataFile(testFolderName, user0.user_id, user0.nickname);\nlet user = udata.getUserDataFile(testFolderName, user0.user_id);\nlet updatedUser0 = udata.updateQuestionScore(user, newQuestionData);\nlet updatedUser1 = udata.updateQuestionScore(updatedUser0, newQuestionDataHigher);\nexpect(updatedUser1.questions_solved[newQuestionData.qid]).to.equal(newQuestionDataHigher.score);\nexpect(updatedUser1.num_points).to.equal(3);",
                  "err": {},
                  "uuid": "3a1d377d-2ba9-4327-aff3-109aa755cf7f",
                  "parentUUID": "405bdca2-920a-4526-835a-6f1ee267af6b",
                  "isHook": false,
                  "skipped": false
                }
              ],
              "suites": [],
              "passes": [
                "a4c9d016-c014-4ec1-94b9-942d017d1a9d",
                "00ddd341-25c5-42a8-af8a-1d151bef1be5",
                "7afe2672-e81d-4299-8e0f-d77091c25109",
                "3a1d377d-2ba9-4327-aff3-109aa755cf7f"
              ],
              "failures": [],
              "pending": [],
              "skipped": [],
              "duration": 9,
              "root": false,
              "rootEmpty": false,
              "_timeout": 300000
            },
            {
              "uuid": "6c990a2b-4265-4184-9138-d02b0bfd72df",
              "title": "Testing the updatedUserFileWithNewScore function",
              "fullFile": "/usr/src/app/server/test/user_data.test.js",
              "file": "/test/user_data.test.js",
              "beforeHooks": [],
              "afterHooks": [],
              "tests": [
                {
                  "title": "Testing null/undefined params",
                  "fullTitle": "Tests for user_data functions Testing the updatedUserFileWithNewScore function Testing null/undefined params",
                  "timedOut": false,
                  "duration": 0,
                  "state": "passed",
                  "speed": "fast",
                  "pass": true,
                  "fail": false,
                  "pending": false,
                  "context": null,
                  "code": "expect(udata.updatedUserFileWithNewScore(testFolderName, null, null)).to.equal(null);\nexpect(udata.updatedUserFileWithNewScore(\"nonExistentFolder\", null, null)).to.equal(null);\nexpect(udata.updatedUserFileWithNewScore(null, null, null)).to.equal(null);\nexpect(udata.updatedUserFileWithNewScore(null, user0.user_id, null)).to.equal(null);\nexpect(udata.updatedUserFileWithNewScore(null, null, user0.user_id)).to.equal(null);\nexpect(udata.updatedUserFileWithNewScore()).to.equal(null);",
                  "err": {},
                  "uuid": "707ae2f3-6b18-421f-b853-d123a96ef5f7",
                  "parentUUID": "6c990a2b-4265-4184-9138-d02b0bfd72df",
                  "isHook": false,
                  "skipped": false
                },
                {
                  "title": "Testing updating the score for a new question",
                  "fullTitle": "Tests for user_data functions Testing the updatedUserFileWithNewScore function Testing updating the score for a new question",
                  "timedOut": false,
                  "duration": 4,
                  "state": "passed",
                  "speed": "fast",
                  "pass": true,
                  "fail": false,
                  "pending": false,
                  "context": null,
                  "code": "udata.initializeUserDataFile(testFolderName, user0.user_id, user0.nickname);\nlet res = udata.updatedUserFileWithNewScore(testFolderName, user0.user_id, newQuestionData);\nexpect(res).to.equal(\"success\");\nlet user = udata.getUserDataFile(testFolderName, user0.user_id);\nexpect(user.questions_solved[newQuestionData.qid]).to.equal(newQuestionData.score);\nexpect(user.num_points).to.equal(2);",
                  "err": {},
                  "uuid": "4616d84e-bf58-49f4-9a58-27a293374847",
                  "parentUUID": "6c990a2b-4265-4184-9138-d02b0bfd72df",
                  "isHook": false,
                  "skipped": false
                },
                {
                  "title": "Testing updating the score for an existing question with lower score",
                  "fullTitle": "Tests for user_data functions Testing the updatedUserFileWithNewScore function Testing updating the score for an existing question with lower score",
                  "timedOut": false,
                  "duration": 5,
                  "state": "passed",
                  "speed": "fast",
                  "pass": true,
                  "fail": false,
                  "pending": false,
                  "context": null,
                  "code": "udata.initializeUserDataFile(testFolderName, user0.user_id, user0.nickname);\nudata.updatedUserFileWithNewScore(testFolderName, user0.user_id, newQuestionData);\nlet res = udata.updatedUserFileWithNewScore(testFolderName, user0.user_id, newQuestionDataLower);\nexpect(res).to.equal(\"success\");\nlet user = udata.getUserDataFile(testFolderName, user0.user_id);\nexpect(user.questions_solved[newQuestionData.qid]).to.equal(newQuestionData.score);\nexpect(user.num_points).to.equal(2);",
                  "err": {},
                  "uuid": "f46a6346-c835-490c-8dda-f70984a30464",
                  "parentUUID": "6c990a2b-4265-4184-9138-d02b0bfd72df",
                  "isHook": false,
                  "skipped": false
                },
                {
                  "title": "Testing updating the score for an existing question with higher score",
                  "fullTitle": "Tests for user_data functions Testing the updatedUserFileWithNewScore function Testing updating the score for an existing question with higher score",
                  "timedOut": false,
                  "duration": 3,
                  "state": "passed",
                  "speed": "fast",
                  "pass": true,
                  "fail": false,
                  "pending": false,
                  "context": null,
                  "code": "udata.initializeUserDataFile(testFolderName, user0.user_id, user0.nickname);\nudata.updatedUserFileWithNewScore(testFolderName, user0.user_id, newQuestionData);\nlet res = udata.updatedUserFileWithNewScore(testFolderName, user0.user_id, newQuestionDataHigher);\nexpect(res).to.equal(\"success\");\nlet user = udata.getUserDataFile(testFolderName, user0.user_id);\nexpect(user.questions_solved[newQuestionData.qid]).to.equal(newQuestionDataHigher.score);\nexpect(user.num_points).to.equal(3);",
                  "err": {},
                  "uuid": "0fc74d50-f2be-4ef1-ab8a-46e83d56a022",
                  "parentUUID": "6c990a2b-4265-4184-9138-d02b0bfd72df",
                  "isHook": false,
                  "skipped": false
                },
                {
                  "title": "Testing updating the score for multiple questions",
                  "fullTitle": "Tests for user_data functions Testing the updatedUserFileWithNewScore function Testing updating the score for multiple questions",
                  "timedOut": false,
                  "duration": 2,
                  "state": "passed",
                  "speed": "fast",
                  "pass": true,
                  "fail": false,
                  "pending": false,
                  "context": null,
                  "code": "udata.initializeUserDataFile(testFolderName, user0.user_id, user0.nickname);\nudata.updatedUserFileWithNewScore(testFolderName, user0.user_id, newQuestionData);\nudata.updatedUserFileWithNewScore(testFolderName, user0.user_id, diffQuestionData);\nlet user = udata.getUserDataFile(testFolderName, user0.user_id);\nexpect(user.questions_solved[newQuestionData.qid]).to.equal(newQuestionData.score);\nexpect(user.questions_solved[diffQuestionData.qid]).to.equal(diffQuestionData.score);\nexpect(user.num_points).to.equal(5);",
                  "err": {},
                  "uuid": "239824b1-2d00-4e17-976e-0c6d284b260e",
                  "parentUUID": "6c990a2b-4265-4184-9138-d02b0bfd72df",
                  "isHook": false,
                  "skipped": false
                }
              ],
              "suites": [],
              "passes": [
                "707ae2f3-6b18-421f-b853-d123a96ef5f7",
                "4616d84e-bf58-49f4-9a58-27a293374847",
                "f46a6346-c835-490c-8dda-f70984a30464",
                "0fc74d50-f2be-4ef1-ab8a-46e83d56a022",
                "239824b1-2d00-4e17-976e-0c6d284b260e"
              ],
              "failures": [],
              "pending": [],
              "skipped": [],
              "duration": 14,
              "root": false,
              "rootEmpty": false,
              "_timeout": 300000
            }
          ],
          "passes": [],
          "failures": [],
          "pending": [],
          "skipped": [],
          "duration": 0,
          "root": false,
          "rootEmpty": false,
          "_timeout": 300000
        }
      ],
      "passes": [],
      "failures": [],
      "pending": [],
      "skipped": [],
      "duration": 0,
      "root": true,
      "rootEmpty": true,
      "_timeout": 300000
    }
  ],
  "meta": {
    "mocha": {
      "version": "10.5.2"
    },
    "mochawesome": {
      "options": {
        "quiet": false,
        "reportFilename": "mochawesome",
        "saveHtml": true,
        "saveJson": true,
        "consoleReporter": "spec",
        "useInlineDiffs": false,
        "code": true
      },
      "version": "7.1.3"
    },
    "marge": {
      "options": null,
      "version": "6.2.0"
    }
  }
}