{
  "stats": {
    "suites": 18,
    "tests": 61,
    "passes": 61,
    "pending": 0,
    "failures": 0,
    "start": "2024-07-28T20:01:02.619Z",
    "end": "2024-07-28T20:01:48.472Z",
    "duration": 45853,
    "testsRegistered": 61,
    "passPercent": 100,
    "pendingPercent": 0,
    "other": 0,
    "hasOther": false,
    "skipped": 0,
    "hasSkipped": false
  },
  "results": [
    {
      "uuid": "f41917a2-a84a-4ef6-a31f-abf288fa8076",
      "title": "",
      "fullFile": "",
      "file": "",
      "beforeHooks": [],
      "afterHooks": [],
      "tests": [],
      "suites": [
        {
          "uuid": "8f712073-b659-429a-bb88-8a191a4b18c7",
          "title": "Tests for the Ollama backend REST API endpoints",
          "fullFile": "/usr/src/app/server/test/app.test.js",
          "file": "/test/app.test.js",
          "beforeHooks": [
            {
              "title": "\"before all\" hook in \"Tests for the Ollama backend REST API endpoints\"",
              "fullTitle": "Tests for the Ollama backend REST API endpoints \"before all\" hook in \"Tests for the Ollama backend REST API endpoints\"",
              "timedOut": false,
              "duration": 1,
              "state": null,
              "speed": null,
              "pass": false,
              "fail": false,
              "pending": false,
              "context": null,
              "code": "testServer = server.app.listen(done);\nrequest = supertest.agent(testServer);",
              "err": {},
              "uuid": "bdce8f89-a345-4c5c-ac91-94f31f4bb3ee",
              "parentUUID": "8f712073-b659-429a-bb88-8a191a4b18c7",
              "isHook": true,
              "skipped": false
            }
          ],
          "afterHooks": [
            {
              "title": "\"after all\" hook in \"Tests for the Ollama backend REST API endpoints\"",
              "fullTitle": "Tests for the Ollama backend REST API endpoints \"after all\" hook in \"Tests for the Ollama backend REST API endpoints\"",
              "timedOut": false,
              "duration": 0,
              "state": null,
              "speed": null,
              "pass": false,
              "fail": false,
              "pending": false,
              "context": null,
              "code": "testServer.close(done);",
              "err": {},
              "uuid": "f225f751-2b5e-4259-a531-7005cda29d8a",
              "parentUUID": "8f712073-b659-429a-bb88-8a191a4b18c7",
              "isHook": true,
              "skipped": false
            }
          ],
          "tests": [],
          "suites": [
            {
              "uuid": "5f7fb0ea-5692-4021-a0ce-7c4b616a42b8",
              "title": "Testing the POST endpoint for /code",
              "fullFile": "/usr/src/app/server/test/app.test.js",
              "file": "/test/app.test.js",
              "beforeHooks": [],
              "afterHooks": [],
              "tests": [
                {
                  "title": "Providing a regular description",
                  "fullTitle": "Tests for the Ollama backend REST API endpoints Testing the POST endpoint for /code Providing a regular description",
                  "timedOut": false,
                  "duration": 9530,
                  "state": "passed",
                  "speed": "slow",
                  "pass": true,
                  "fail": false,
                  "pending": false,
                  "context": null,
                  "code": "request\n.post('/code')\n.send(two_sum_fn_desc)\n.set('Accept', 'application/json')\n.expect('Content-Type', /json/)\n.expect(200)\n.end(function(err, res) {\n    expect(res.body.llm_code).to.not.equal(null);\n    expect(res.body.llm_code).to.match(/return [\\w]+ \\+ [\\w]+/);\n    expect(res.body.llm_code).to.match(/function [\\w]+\\([\\w]+\\,[\\s]*[\\w]+\\)/);\n    if (err) done(err);\n    done();\n})",
                  "err": {},
                  "uuid": "9c92749d-2991-45a1-8248-b52d68cd6fcd",
                  "parentUUID": "5f7fb0ea-5692-4021-a0ce-7c4b616a42b8",
                  "isHook": false,
                  "skipped": false
                },
                {
                  "title": "Not providing a body",
                  "fullTitle": "Tests for the Ollama backend REST API endpoints Testing the POST endpoint for /code Not providing a body",
                  "timedOut": false,
                  "duration": 3,
                  "state": "passed",
                  "speed": "fast",
                  "pass": true,
                  "fail": false,
                  "pending": false,
                  "context": null,
                  "code": "request.post('/code')\n.send({})\n.set('Accept', 'application/json')\n.end(function(err, res) {\n    expect(res.statusCode).to.equal(400);\n    expect(res.body.error).to.equal(\"No description was provided.\");\n    if (err) done(err);\n    done();\n})",
                  "err": {},
                  "uuid": "a25f2f94-caaa-43d2-b568-cf38408810fd",
                  "parentUUID": "5f7fb0ea-5692-4021-a0ce-7c4b616a42b8",
                  "isHook": false,
                  "skipped": false
                }
              ],
              "suites": [],
              "passes": [
                "9c92749d-2991-45a1-8248-b52d68cd6fcd",
                "a25f2f94-caaa-43d2-b568-cf38408810fd"
              ],
              "failures": [],
              "pending": [],
              "skipped": [],
              "duration": 9533,
              "root": false,
              "rootEmpty": false,
              "_timeout": 30000
            },
            {
              "uuid": "95ff6bf9-cb4c-4f1b-b8bd-73db9c328f48",
              "title": "Testing the POST endpoint for /grade",
              "fullFile": "/usr/src/app/server/test/app.test.js",
              "file": "/test/app.test.js",
              "beforeHooks": [],
              "afterHooks": [],
              "tests": [
                {
                  "title": "Providing random description",
                  "fullTitle": "Tests for the Ollama backend REST API endpoints Testing the POST endpoint for /grade Providing random description",
                  "timedOut": false,
                  "duration": 9008,
                  "state": "passed",
                  "speed": "slow",
                  "pass": true,
                  "fail": false,
                  "pending": false,
                  "context": null,
                  "code": "request.post('/grade')\n.send({\"id\": 1, \"desc\": \"blah\"})\n.set({'Authorization': `Bearer ${process.env.JWT_TEST_TOKEN}`})\n.set('Accept', 'application/json')\n.end(function(err, res) {\n    expect(res.statusCode).to.equal(200);\n    expect(res.body).to.not.equal(null);\n    expect(res.body.results.length).to.equal(3);\n    expect(res.body.results[0].passed).to.equal(false);\n    expect(res.body.results[1].passed).to.equal(false);\n    expect(res.body.results[2].passed).to.equal(false);\n    if (err) done(err);\n    done();\n})",
                  "err": {},
                  "uuid": "e556aade-ab27-4260-9d15-7406830bae91",
                  "parentUUID": "95ff6bf9-cb4c-4f1b-b8bd-73db9c328f48",
                  "isHook": false,
                  "skipped": false
                },
                {
                  "title": "Providing bad JSON body",
                  "fullTitle": "Tests for the Ollama backend REST API endpoints Testing the POST endpoint for /grade Providing bad JSON body",
                  "timedOut": false,
                  "duration": 2,
                  "state": "passed",
                  "speed": "fast",
                  "pass": true,
                  "fail": false,
                  "pending": false,
                  "context": null,
                  "code": "request.post('/grade')\n.send({})\n.set({'Authorization': `Bearer ${process.env.JWT_TEST_TOKEN}`})\n.set('Accept', 'application/json')\n.end(function(err, res) {\n    expect(res.statusCode).to.equal(400);\n    expect(res.body).to.not.equal(null);\n    expect(res.body.error).to.equal(\"No description was provided.\");\n    if (err) done(err);\n    done();\n})",
                  "err": {},
                  "uuid": "25acd235-fb49-4789-a9f5-70a3d9f9dbb7",
                  "parentUUID": "95ff6bf9-cb4c-4f1b-b8bd-73db9c328f48",
                  "isHook": false,
                  "skipped": false
                },
                {
                  "title": "Providing invalid QID",
                  "fullTitle": "Tests for the Ollama backend REST API endpoints Testing the POST endpoint for /grade Providing invalid QID",
                  "timedOut": false,
                  "duration": 1,
                  "state": "passed",
                  "speed": "fast",
                  "pass": true,
                  "fail": false,
                  "pending": false,
                  "context": null,
                  "code": "request.post('/grade')\n.send({\"id\": 999, \"llm_code\": \"function foo(a, b) { return a + b; }\", \"user_id\": \"75043986\"})\n.set({'Authorization': `Bearer ${process.env.JWT_TEST_TOKEN}`})\n.set('Accept', 'application/json')\n.end(function(err, res) {\n    expect(res.statusCode).to.equal(400);\n    if (err) done(err);\n    done();\n})",
                  "err": {},
                  "uuid": "3cea6140-d4fd-4f61-92b6-0964756155c8",
                  "parentUUID": "95ff6bf9-cb4c-4f1b-b8bd-73db9c328f48",
                  "isHook": false,
                  "skipped": false
                },
                {
                  "title": "Providing a regular, valid function for grade",
                  "fullTitle": "Tests for the Ollama backend REST API endpoints Testing the POST endpoint for /grade Providing a regular, valid function for grade",
                  "timedOut": false,
                  "duration": 4380,
                  "state": "passed",
                  "speed": "slow",
                  "pass": true,
                  "fail": false,
                  "pending": false,
                  "context": null,
                  "code": "request.post('/grade')\n.send({\"id\": 1, \"desc\": \"Takes two numbers and adds them together\", \"user_id\": \"75043986\"})\n.set({'Authorization': `Bearer ${process.env.JWT_TEST_TOKEN}`})\n.set('Accept', 'application/json')\n.expect('Content-Type', /json/)\n.expect(200)\n.end(function(err, res) {\n    expect(res.body).to.not.equal(null);\n    expect(res.body.results.length).to.equal(3);\n    expect(res.body.results[0].passed).to.equal(true);\n    expect(res.body.results[1].passed).to.equal(true);\n    expect(res.body.results[2].passed).to.equal(true);\n    if (err) done(err);\n    done();\n})",
                  "err": {},
                  "uuid": "02080f16-9992-4e0f-bfcb-da51e84f84d6",
                  "parentUUID": "95ff6bf9-cb4c-4f1b-b8bd-73db9c328f48",
                  "isHook": false,
                  "skipped": false
                }
              ],
              "suites": [],
              "passes": [
                "e556aade-ab27-4260-9d15-7406830bae91",
                "25acd235-fb49-4789-a9f5-70a3d9f9dbb7",
                "3cea6140-d4fd-4f61-92b6-0964756155c8",
                "02080f16-9992-4e0f-bfcb-da51e84f84d6"
              ],
              "failures": [],
              "pending": [],
              "skipped": [],
              "duration": 13391,
              "root": false,
              "rootEmpty": false,
              "_timeout": 30000
            },
            {
              "uuid": "bf5c65f0-ebb4-4eba-8cae-45536fc01438",
              "title": "Testing question and unit test GET endpoints",
              "fullFile": "/usr/src/app/server/test/app.test.js",
              "file": "/test/app.test.js",
              "beforeHooks": [],
              "afterHooks": [],
              "tests": [
                {
                  "title": "Fetching question 1",
                  "fullTitle": "Tests for the Ollama backend REST API endpoints Testing question and unit test GET endpoints Fetching question 1",
                  "timedOut": false,
                  "duration": 3,
                  "state": "passed",
                  "speed": "fast",
                  "pass": true,
                  "fail": false,
                  "pending": false,
                  "context": null,
                  "code": "request.get('/question/1')\n.end(function(err, res) {\n    expect(res.statusCode).to.equal(200);\n    expect(res.body).to.not.equal(null);\n    if (err) done(err);\n    done();\n})",
                  "err": {},
                  "uuid": "e0030fa2-7fcf-4121-ae9e-718534d5c808",
                  "parentUUID": "bf5c65f0-ebb4-4eba-8cae-45536fc01438",
                  "isHook": false,
                  "skipped": false
                },
                {
                  "title": "Fetching a non-existant question",
                  "fullTitle": "Tests for the Ollama backend REST API endpoints Testing question and unit test GET endpoints Fetching a non-existant question",
                  "timedOut": false,
                  "duration": 2,
                  "state": "passed",
                  "speed": "fast",
                  "pass": true,
                  "fail": false,
                  "pending": false,
                  "context": null,
                  "code": "request.get('/question/ford_prefect')\n.end(function(err, res) {\n    expect(res.statusCode).to.equal(400);\n    expect(res.body).to.not.equal(null);\n    expect(res.body.error).to.equal(\"Failed to retrieve the question.\");\n    if (err) done(err);\n    done();\n})",
                  "err": {},
                  "uuid": "ac767413-b12f-4b72-823c-14fb5d483981",
                  "parentUUID": "bf5c65f0-ebb4-4eba-8cae-45536fc01438",
                  "isHook": false,
                  "skipped": false
                },
                {
                  "title": "Fetching unit tests for question 1",
                  "fullTitle": "Tests for the Ollama backend REST API endpoints Testing question and unit test GET endpoints Fetching unit tests for question 1",
                  "timedOut": false,
                  "duration": 1,
                  "state": "passed",
                  "speed": "fast",
                  "pass": true,
                  "fail": false,
                  "pending": false,
                  "context": null,
                  "code": "request.get('/unit_tests/1')\n.end(function(err, res) {\n    expect(res.body).to.not.equal(null);\n    expect(res.body.length).to.equal(3);\n    expect(res.body[0].desc).to.equal(\"A test to check if adding properly.\");\n    expect(res.body[1].desc).to.equal(\"A less basic test to check if adding properly.\");\n    expect(res.body[2].desc).to.equal(\"Another basic test to check if adding properly.\");\n    if (err) done(err);\n    done();\n})",
                  "err": {},
                  "uuid": "9b02d9b2-8d12-43d1-a2e0-e6fa67b9722d",
                  "parentUUID": "bf5c65f0-ebb4-4eba-8cae-45536fc01438",
                  "isHook": false,
                  "skipped": false
                },
                {
                  "title": "Fetching a non-existant set of unit tests",
                  "fullTitle": "Tests for the Ollama backend REST API endpoints Testing question and unit test GET endpoints Fetching a non-existant set of unit tests",
                  "timedOut": false,
                  "duration": 1,
                  "state": "passed",
                  "speed": "fast",
                  "pass": true,
                  "fail": false,
                  "pending": false,
                  "context": null,
                  "code": "request.get('/unit_tests/ford_prefect')\n.end(function(err, res) {\n    expect(res.statusCode).to.equal(400);\n    expect(res.body).to.not.equal(null);\n    expect(res.body.error).to.equal(\"Failed to retrieve test cases.\");\n    if (err) done(err);\n    done();\n})",
                  "err": {},
                  "uuid": "64b5deff-3249-4bce-af2a-d72696abbc69",
                  "parentUUID": "bf5c65f0-ebb4-4eba-8cae-45536fc01438",
                  "isHook": false,
                  "skipped": false
                }
              ],
              "suites": [],
              "passes": [
                "e0030fa2-7fcf-4121-ae9e-718534d5c808",
                "ac767413-b12f-4b72-823c-14fb5d483981",
                "9b02d9b2-8d12-43d1-a2e0-e6fa67b9722d",
                "64b5deff-3249-4bce-af2a-d72696abbc69"
              ],
              "failures": [],
              "pending": [],
              "skipped": [],
              "duration": 7,
              "root": false,
              "rootEmpty": false,
              "_timeout": 30000
            }
          ],
          "passes": [],
          "failures": [],
          "pending": [],
          "skipped": [],
          "duration": 0,
          "root": false,
          "rootEmpty": false,
          "_timeout": 30000
        },
        {
          "uuid": "92571308-29fe-46bc-8571-96c6c3464540",
          "title": "Tests for Ollama Backend Fetching, Parsing, and Grading Helpers",
          "fullFile": "/usr/src/app/server/test/ollama_api.test.js",
          "file": "/test/ollama_api.test.js",
          "beforeHooks": [],
          "afterHooks": [],
          "tests": [],
          "suites": [
            {
              "uuid": "95340630-3ec3-4b73-8bb2-499b53bd2eed",
              "title": "Testing the GeneratePrompt function",
              "fullFile": "/usr/src/app/server/test/ollama_api.test.js",
              "file": "/test/ollama_api.test.js",
              "beforeHooks": [],
              "afterHooks": [],
              "tests": [
                {
                  "title": "Basic description of a function test",
                  "fullTitle": "Tests for Ollama Backend Fetching, Parsing, and Grading Helpers Testing the GeneratePrompt function Basic description of a function test",
                  "timedOut": false,
                  "duration": 0,
                  "state": "passed",
                  "speed": "fast",
                  "pass": true,
                  "fail": false,
                  "pending": false,
                  "context": null,
                  "code": "const prompt = oa.GeneratePrompt(\"hello world\");\nexpect(prompt)\n.to\n.equal(\"Write me a Javascript function that has the following purpose: hello world. Only show me the code and call the function foo.\")",
                  "err": {},
                  "uuid": "4edb386c-b9fd-448f-bddd-49608a21b91f",
                  "parentUUID": "95340630-3ec3-4b73-8bb2-499b53bd2eed",
                  "isHook": false,
                  "skipped": false
                },
                {
                  "title": "Missing description (empty string)",
                  "fullTitle": "Tests for Ollama Backend Fetching, Parsing, and Grading Helpers Testing the GeneratePrompt function Missing description (empty string)",
                  "timedOut": false,
                  "duration": 0,
                  "state": "passed",
                  "speed": "fast",
                  "pass": true,
                  "fail": false,
                  "pending": false,
                  "context": null,
                  "code": "const prompt = oa.GeneratePrompt(\"\");\nexpect(prompt)\n.to\n.equal(null)",
                  "err": {},
                  "uuid": "1887d8e3-4b1e-4e7d-9413-2744472a656a",
                  "parentUUID": "95340630-3ec3-4b73-8bb2-499b53bd2eed",
                  "isHook": false,
                  "skipped": false
                },
                {
                  "title": "Missing description (empty string)",
                  "fullTitle": "Tests for Ollama Backend Fetching, Parsing, and Grading Helpers Testing the GeneratePrompt function Missing description (empty string)",
                  "timedOut": false,
                  "duration": 0,
                  "state": "passed",
                  "speed": "fast",
                  "pass": true,
                  "fail": false,
                  "pending": false,
                  "context": null,
                  "code": "const prompt = oa.GeneratePrompt(null);\nexpect(prompt)\n.to\n.equal(null)",
                  "err": {},
                  "uuid": "a537a2e1-a1d9-4d67-8752-42350fff4af5",
                  "parentUUID": "95340630-3ec3-4b73-8bb2-499b53bd2eed",
                  "isHook": false,
                  "skipped": false
                },
                {
                  "title": "Missing description (empty string)",
                  "fullTitle": "Tests for Ollama Backend Fetching, Parsing, and Grading Helpers Testing the GeneratePrompt function Missing description (empty string)",
                  "timedOut": false,
                  "duration": 0,
                  "state": "passed",
                  "speed": "fast",
                  "pass": true,
                  "fail": false,
                  "pending": false,
                  "context": null,
                  "code": "const prompt = oa.GeneratePrompt();\nexpect(prompt)\n.to\n.equal(null)",
                  "err": {},
                  "uuid": "5bd130fa-8c73-4c12-a007-4b7049cce293",
                  "parentUUID": "95340630-3ec3-4b73-8bb2-499b53bd2eed",
                  "isHook": false,
                  "skipped": false
                }
              ],
              "suites": [],
              "passes": [
                "4edb386c-b9fd-448f-bddd-49608a21b91f",
                "1887d8e3-4b1e-4e7d-9413-2744472a656a",
                "a537a2e1-a1d9-4d67-8752-42350fff4af5",
                "5bd130fa-8c73-4c12-a007-4b7049cce293"
              ],
              "failures": [],
              "pending": [],
              "skipped": [],
              "duration": 0,
              "root": false,
              "rootEmpty": false,
              "_timeout": 30000
            },
            {
              "uuid": "a0777fdb-0bce-47d2-926b-0d03f6726a37",
              "title": "Testing the ParseResponse function",
              "fullFile": "/usr/src/app/server/test/ollama_api.test.js",
              "file": "/test/ollama_api.test.js",
              "beforeHooks": [],
              "afterHooks": [],
              "tests": [
                {
                  "title": "Regular response from LLM",
                  "fullTitle": "Tests for Ollama Backend Fetching, Parsing, and Grading Helpers Testing the ParseResponse function Regular response from LLM",
                  "timedOut": false,
                  "duration": 1,
                  "state": "passed",
                  "speed": "fast",
                  "pass": true,
                  "fail": false,
                  "pending": false,
                  "context": null,
                  "code": "const resp = oa.ParseLLMResponse(llm_two_sum_response);\nexpect(resp).to.contain('function foo');\nexpect(resp).to.not.contain(\"```\");\nexpect(resp).to.contain('return a + b');",
                  "err": {},
                  "uuid": "6b4c2570-e876-4383-b561-aeb90f199e76",
                  "parentUUID": "a0777fdb-0bce-47d2-926b-0d03f6726a37",
                  "isHook": false,
                  "skipped": false
                },
                {
                  "title": "Parsing error response from LLM",
                  "fullTitle": "Tests for Ollama Backend Fetching, Parsing, and Grading Helpers Testing the ParseResponse function Parsing error response from LLM",
                  "timedOut": false,
                  "duration": 0,
                  "state": "passed",
                  "speed": "fast",
                  "pass": true,
                  "fail": false,
                  "pending": false,
                  "context": null,
                  "code": "const resp = oa.ParseLLMResponse(null);\nexpect(resp).to.equal(null);",
                  "err": {},
                  "uuid": "c92260ad-9976-4268-a7a0-61d2c555d15f",
                  "parentUUID": "a0777fdb-0bce-47d2-926b-0d03f6726a37",
                  "isHook": false,
                  "skipped": false
                },
                {
                  "title": "Parsing undefined",
                  "fullTitle": "Tests for Ollama Backend Fetching, Parsing, and Grading Helpers Testing the ParseResponse function Parsing undefined",
                  "timedOut": false,
                  "duration": 0,
                  "state": "passed",
                  "speed": "fast",
                  "pass": true,
                  "fail": false,
                  "pending": false,
                  "context": null,
                  "code": "const resp = oa.ParseLLMResponse();\nexpect(resp).to.equal(null);",
                  "err": {},
                  "uuid": "f0cb95fc-8503-420b-a936-8d143e4a67d9",
                  "parentUUID": "a0777fdb-0bce-47d2-926b-0d03f6726a37",
                  "isHook": false,
                  "skipped": false
                },
                {
                  "title": "Parsing a weird response from LLM",
                  "fullTitle": "Tests for Ollama Backend Fetching, Parsing, and Grading Helpers Testing the ParseResponse function Parsing a weird response from LLM",
                  "timedOut": false,
                  "duration": 0,
                  "state": "passed",
                  "speed": "fast",
                  "pass": true,
                  "fail": false,
                  "pending": false,
                  "context": null,
                  "code": "const resp = oa.ParseLLMResponse(weird_llm_response);\nexpect(resp).to.contain('function');\nexpect(resp).to.not.contain(\"```\");\nexpect(resp).to.contain('toLowerCase');",
                  "err": {},
                  "uuid": "78d2cae3-bf70-45b5-86dc-96031dda580c",
                  "parentUUID": "a0777fdb-0bce-47d2-926b-0d03f6726a37",
                  "isHook": false,
                  "skipped": false
                }
              ],
              "suites": [],
              "passes": [
                "6b4c2570-e876-4383-b561-aeb90f199e76",
                "c92260ad-9976-4268-a7a0-61d2c555d15f",
                "f0cb95fc-8503-420b-a936-8d143e4a67d9",
                "78d2cae3-bf70-45b5-86dc-96031dda580c"
              ],
              "failures": [],
              "pending": [],
              "skipped": [],
              "duration": 1,
              "root": false,
              "rootEmpty": false,
              "_timeout": 30000
            },
            {
              "uuid": "6deb82a2-c087-4750-8796-4e1dd2d25369",
              "title": "Testing the FetchResponse function",
              "fullFile": "/usr/src/app/server/test/ollama_api.test.js",
              "file": "/test/ollama_api.test.js",
              "beforeHooks": [],
              "afterHooks": [],
              "tests": [
                {
                  "title": "Fetching response for regular query",
                  "fullTitle": "Tests for Ollama Backend Fetching, Parsing, and Grading Helpers Testing the FetchResponse function Fetching response for regular query",
                  "timedOut": false,
                  "duration": 7897,
                  "state": "passed",
                  "speed": "slow",
                  "pass": true,
                  "fail": false,
                  "pending": false,
                  "context": null,
                  "code": "const resp = await oa.FetchResponse(two_sum_fn_desc.desc);\nexpect(resp).to.not.equal(null);\nexpect(resp.llm_code).to.contain(\"function\");\nexpect(resp.llm_code).to.contain(\"+\");",
                  "err": {},
                  "uuid": "8de9d402-49ca-4338-a1b1-9ab34445c7d4",
                  "parentUUID": "6deb82a2-c087-4750-8796-4e1dd2d25369",
                  "isHook": false,
                  "skipped": false
                },
                {
                  "title": "Fetching response for random query",
                  "fullTitle": "Tests for Ollama Backend Fetching, Parsing, and Grading Helpers Testing the FetchResponse function Fetching response for random query",
                  "timedOut": false,
                  "duration": 8794,
                  "state": "passed",
                  "speed": "slow",
                  "pass": true,
                  "fail": false,
                  "pending": false,
                  "context": null,
                  "code": "const resp = await oa.FetchResponse(\"blah\")\nexpect(resp).to.not.equal(null);",
                  "err": {},
                  "uuid": "306b5ea5-8c69-4337-bb4c-711f4cd4a175",
                  "parentUUID": "6deb82a2-c087-4750-8796-4e1dd2d25369",
                  "isHook": false,
                  "skipped": false
                },
                {
                  "title": "Fetching response for null query",
                  "fullTitle": "Tests for Ollama Backend Fetching, Parsing, and Grading Helpers Testing the FetchResponse function Fetching response for null query",
                  "timedOut": false,
                  "duration": 0,
                  "state": "passed",
                  "speed": "fast",
                  "pass": true,
                  "fail": false,
                  "pending": false,
                  "context": null,
                  "code": "const resp = await oa.FetchResponse(null);\nexpect(resp).to.equal(null);",
                  "err": {},
                  "uuid": "d9976c02-7a7b-43f2-8208-208fa4732829",
                  "parentUUID": "6deb82a2-c087-4750-8796-4e1dd2d25369",
                  "isHook": false,
                  "skipped": false
                },
                {
                  "title": "Fetching response for missing query",
                  "fullTitle": "Tests for Ollama Backend Fetching, Parsing, and Grading Helpers Testing the FetchResponse function Fetching response for missing query",
                  "timedOut": false,
                  "duration": 0,
                  "state": "passed",
                  "speed": "fast",
                  "pass": true,
                  "fail": false,
                  "pending": false,
                  "context": null,
                  "code": "const resp = await oa.FetchResponse();\nexpect(resp).to.equal(null);",
                  "err": {},
                  "uuid": "a5329e87-91e0-4f78-b686-de000ae0a544",
                  "parentUUID": "6deb82a2-c087-4750-8796-4e1dd2d25369",
                  "isHook": false,
                  "skipped": false
                }
              ],
              "suites": [],
              "passes": [
                "8de9d402-49ca-4338-a1b1-9ab34445c7d4",
                "306b5ea5-8c69-4337-bb4c-711f4cd4a175",
                "d9976c02-7a7b-43f2-8208-208fa4732829",
                "a5329e87-91e0-4f78-b686-de000ae0a544"
              ],
              "failures": [],
              "pending": [],
              "skipped": [],
              "duration": 16691,
              "root": false,
              "rootEmpty": false,
              "_timeout": 30000
            },
            {
              "uuid": "6c79063a-2681-4681-a859-3cb8036828b9",
              "title": "Testing the isMalicious function",
              "fullFile": "/usr/src/app/server/test/ollama_api.test.js",
              "file": "/test/ollama_api.test.js",
              "beforeHooks": [],
              "afterHooks": [],
              "tests": [
                {
                  "title": "Testing malicious description",
                  "fullTitle": "Tests for Ollama Backend Fetching, Parsing, and Grading Helpers Testing the isMalicious function Testing malicious description",
                  "timedOut": false,
                  "duration": 0,
                  "state": "passed",
                  "speed": "fast",
                  "pass": true,
                  "fail": false,
                  "pending": false,
                  "context": null,
                  "code": "const result = oa.isMalicious(malicious_fn_desc);\nexpect(result).to.equal(true);",
                  "err": {},
                  "uuid": "99667ba7-3e83-40f1-a321-5ca11c2af296",
                  "parentUUID": "6c79063a-2681-4681-a859-3cb8036828b9",
                  "isHook": false,
                  "skipped": false
                },
                {
                  "title": "Testing malicious description",
                  "fullTitle": "Tests for Ollama Backend Fetching, Parsing, and Grading Helpers Testing the isMalicious function Testing malicious description",
                  "timedOut": false,
                  "duration": 0,
                  "state": "passed",
                  "speed": "fast",
                  "pass": true,
                  "fail": false,
                  "pending": false,
                  "context": null,
                  "code": "const result = oa.isMalicious(\"for(;;)\");\nexpect(result).to.equal(true);",
                  "err": {},
                  "uuid": "6cc14fde-04dc-48ca-8aff-edd7d1669bf3",
                  "parentUUID": "6c79063a-2681-4681-a859-3cb8036828b9",
                  "isHook": false,
                  "skipped": false
                },
                {
                  "title": "Testing safe description",
                  "fullTitle": "Tests for Ollama Backend Fetching, Parsing, and Grading Helpers Testing the isMalicious function Testing safe description",
                  "timedOut": false,
                  "duration": 0,
                  "state": "passed",
                  "speed": "fast",
                  "pass": true,
                  "fail": false,
                  "pending": false,
                  "context": null,
                  "code": "const result = oa.isMalicious(two_sum_fn_desc.desc);\nexpect(result).to.equal(false);",
                  "err": {},
                  "uuid": "a049d6e2-dd74-4fff-9e5a-5283e4190002",
                  "parentUUID": "6c79063a-2681-4681-a859-3cb8036828b9",
                  "isHook": false,
                  "skipped": false
                },
                {
                  "title": "Testing empty description",
                  "fullTitle": "Tests for Ollama Backend Fetching, Parsing, and Grading Helpers Testing the isMalicious function Testing empty description",
                  "timedOut": false,
                  "duration": 0,
                  "state": "passed",
                  "speed": "fast",
                  "pass": true,
                  "fail": false,
                  "pending": false,
                  "context": null,
                  "code": "const result = oa.isMalicious(\"\");\nexpect(result).to.equal(false);",
                  "err": {},
                  "uuid": "d523d3e8-ed8a-4e3a-92b1-320df8d222d5",
                  "parentUUID": "6c79063a-2681-4681-a859-3cb8036828b9",
                  "isHook": false,
                  "skipped": false
                },
                {
                  "title": "Testing null description",
                  "fullTitle": "Tests for Ollama Backend Fetching, Parsing, and Grading Helpers Testing the isMalicious function Testing null description",
                  "timedOut": false,
                  "duration": 0,
                  "state": "passed",
                  "speed": "fast",
                  "pass": true,
                  "fail": false,
                  "pending": false,
                  "context": null,
                  "code": "const result = oa.isMalicious(null);\nexpect(result).to.equal(false);",
                  "err": {},
                  "uuid": "3b4e40dd-0134-40cc-848a-3cd096950f46",
                  "parentUUID": "6c79063a-2681-4681-a859-3cb8036828b9",
                  "isHook": false,
                  "skipped": false
                },
                {
                  "title": "Testing random description",
                  "fullTitle": "Tests for Ollama Backend Fetching, Parsing, and Grading Helpers Testing the isMalicious function Testing random description",
                  "timedOut": false,
                  "duration": 0,
                  "state": "passed",
                  "speed": "fast",
                  "pass": true,
                  "fail": false,
                  "pending": false,
                  "context": null,
                  "code": "const result = oa.isMalicious(\"my name is Chris\");\nexpect(result).to.equal(false);",
                  "err": {},
                  "uuid": "74501e93-c8af-4c06-9d3d-548a5ab66aa5",
                  "parentUUID": "6c79063a-2681-4681-a859-3cb8036828b9",
                  "isHook": false,
                  "skipped": false
                },
                {
                  "title": "Testing undefined description",
                  "fullTitle": "Tests for Ollama Backend Fetching, Parsing, and Grading Helpers Testing the isMalicious function Testing undefined description",
                  "timedOut": false,
                  "duration": 0,
                  "state": "passed",
                  "speed": "fast",
                  "pass": true,
                  "fail": false,
                  "pending": false,
                  "context": null,
                  "code": "const result = oa.isMalicious();\nexpect(result).to.equal(false);",
                  "err": {},
                  "uuid": "e0c8bb36-828a-4d64-9869-9e4539205408",
                  "parentUUID": "6c79063a-2681-4681-a859-3cb8036828b9",
                  "isHook": false,
                  "skipped": false
                }
              ],
              "suites": [],
              "passes": [
                "99667ba7-3e83-40f1-a321-5ca11c2af296",
                "6cc14fde-04dc-48ca-8aff-edd7d1669bf3",
                "a049d6e2-dd74-4fff-9e5a-5283e4190002",
                "d523d3e8-ed8a-4e3a-92b1-320df8d222d5",
                "3b4e40dd-0134-40cc-848a-3cd096950f46",
                "74501e93-c8af-4c06-9d3d-548a5ab66aa5",
                "e0c8bb36-828a-4d64-9869-9e4539205408"
              ],
              "failures": [],
              "pending": [],
              "skipped": [],
              "duration": 0,
              "root": false,
              "rootEmpty": false,
              "_timeout": 30000
            },
            {
              "uuid": "dd76c794-53fd-4046-81ea-8869aab623da",
              "title": "Testing the TestGeneratedCode function",
              "fullFile": "/usr/src/app/server/test/ollama_api.test.js",
              "file": "/test/ollama_api.test.js",
              "beforeHooks": [],
              "afterHooks": [],
              "tests": [
                {
                  "title": "Testing a correctly generated LLM function for Q1",
                  "fullTitle": "Tests for Ollama Backend Fetching, Parsing, and Grading Helpers Testing the TestGeneratedCode function Testing a correctly generated LLM function for Q1",
                  "timedOut": false,
                  "duration": 0,
                  "state": "passed",
                  "speed": "fast",
                  "pass": true,
                  "fail": false,
                  "pending": false,
                  "context": null,
                  "code": "const res = oa.TestGeneratedCode({\n    \"llm_code\": \"function foo(a, b) { return a + b }\",\n    \"id\": 1\n})\n\nexpect(res.length).to.equal(3);\nexpect(res[0].desc).to.equal(\"A test to check if adding properly.\");\nexpect(res[0].passed).to.equal(true);\n    \nexpect(res[1].desc).to.equal(\"A less basic test to check if adding properly.\");\nexpect(res[1].passed).to.equal(true);\n    \nexpect(res[2].passed).to.equal(true);\nexpect(res[2].desc).to.equal(\"Another basic test to check if adding properly.\");",
                  "err": {},
                  "uuid": "53283a58-b60a-4487-9c05-f5bee4bac110",
                  "parentUUID": "dd76c794-53fd-4046-81ea-8869aab623da",
                  "isHook": false,
                  "skipped": false
                },
                {
                  "title": "Testing a correctly generated LLM function for invalid q",
                  "fullTitle": "Tests for Ollama Backend Fetching, Parsing, and Grading Helpers Testing the TestGeneratedCode function Testing a correctly generated LLM function for invalid q",
                  "timedOut": false,
                  "duration": 1,
                  "state": "passed",
                  "speed": "fast",
                  "pass": true,
                  "fail": false,
                  "pending": false,
                  "context": null,
                  "code": "const res = oa.TestGeneratedCode({\n    \"llm_code\": \"function foo(a, b) { return a + b }\",\n    \"id\": 99\n})\n\nexpect(res).to.not.equal(null);\nexpect(res.length).to.equal(1);\nexpect(res[0].err).to.equal(true);\nexpect(res[0].err_reason).to.include(\"Cannot find module\");",
                  "err": {},
                  "uuid": "ecad6778-ee52-4d6c-a93d-c17f9dcbfa2c",
                  "parentUUID": "dd76c794-53fd-4046-81ea-8869aab623da",
                  "isHook": false,
                  "skipped": false
                },
                {
                  "title": "Testing an incorrectly generated LLM function for Q1",
                  "fullTitle": "Tests for Ollama Backend Fetching, Parsing, and Grading Helpers Testing the TestGeneratedCode function Testing an incorrectly generated LLM function for Q1",
                  "timedOut": false,
                  "duration": 0,
                  "state": "passed",
                  "speed": "fast",
                  "pass": true,
                  "fail": false,
                  "pending": false,
                  "context": null,
                  "code": "const res = oa.TestGeneratedCode({\n    \"llm_code\": \"function foo() { return; }\",\n    \"id\": 1 \n})\n    \nexpect(res.length).to.equal(3);\nexpect(res[0]).to.not.equal(null);\nexpect(res[0].desc).to.equal(\"A test to check if adding properly.\");\nexpect(res[0].passed).to.equal(false);\n    \nexpect(res[1].desc).to.equal(\"A less basic test to check if adding properly.\");\nexpect(res[1].passed).to.equal(false);\n    \nexpect(res[2].passed).to.equal(false);\nexpect(res[2].desc).to.equal(\"Another basic test to check if adding properly.\");",
                  "err": {},
                  "uuid": "1ae6cfd5-095d-4985-b425-f6401d71d871",
                  "parentUUID": "dd76c794-53fd-4046-81ea-8869aab623da",
                  "isHook": false,
                  "skipped": false
                },
                {
                  "title": "Testing a broken function for Q1",
                  "fullTitle": "Tests for Ollama Backend Fetching, Parsing, and Grading Helpers Testing the TestGeneratedCode function Testing a broken function for Q1",
                  "timedOut": false,
                  "duration": 0,
                  "state": "passed",
                  "speed": "fast",
                  "pass": true,
                  "fail": false,
                  "pending": false,
                  "context": null,
                  "code": "const res = oa.TestGeneratedCode({\n    \"llm_code\": \"function foo() { , }\",\n    \"id\": 1 \n})\n    \nexpect(res.length).to.equal(1);\nexpect(res[0]).to.not.equal(null);\nexpect(res[0].err).to.equal(true);\nexpect(res[0].err_reason).to.contain(\"SyntaxError: Unexpected token \\',\\'\");",
                  "err": {},
                  "uuid": "a4f2bd4a-8b18-4c1a-9b37-631d04ed855d",
                  "parentUUID": "dd76c794-53fd-4046-81ea-8869aab623da",
                  "isHook": false,
                  "skipped": false
                },
                {
                  "title": "Testing a function with missing parameters for Q1",
                  "fullTitle": "Tests for Ollama Backend Fetching, Parsing, and Grading Helpers Testing the TestGeneratedCode function Testing a function with missing parameters for Q1",
                  "timedOut": false,
                  "duration": 1,
                  "state": "passed",
                  "speed": "fast",
                  "pass": true,
                  "fail": false,
                  "pending": false,
                  "context": null,
                  "code": "const res = oa.TestGeneratedCode({\n    \"llm_code\": \"function foo() { return a + b }\",\n    \"id\": 1\n})\n    \nexpect(res.length).to.equal(3);\nexpect(res[0].passed).to.equal(false);\nexpect(res[0].actual_outputs[0]).to.contain(\"a is not defined\");\nexpect(res[1].passed).to.equal(false);\nexpect(res[1].actual_outputs[0]).to.contain(\"a is not defined\");\nexpect(res[2].passed).to.equal(false);\nexpect(res[2].actual_outputs[0]).to.contain(\"a is not defined\");",
                  "err": {},
                  "uuid": "3d725799-6def-4ec5-8ef6-482e936689bb",
                  "parentUUID": "dd76c794-53fd-4046-81ea-8869aab623da",
                  "isHook": false,
                  "skipped": false
                },
                {
                  "title": "Testing improper JSON formats and undefined",
                  "fullTitle": "Tests for Ollama Backend Fetching, Parsing, and Grading Helpers Testing the TestGeneratedCode function Testing improper JSON formats and undefined",
                  "timedOut": false,
                  "duration": 0,
                  "state": "passed",
                  "speed": "fast",
                  "pass": true,
                  "fail": false,
                  "pending": false,
                  "context": null,
                  "code": "expect(oa.TestGeneratedCode({})).to.equal(null);\nexpect(oa.TestGeneratedCode({\"code\": \"hello\"})).to.equal(null);\nexpect(oa.TestGeneratedCode({\"id\": \"hello\"})).to.equal(null);\nexpect(oa.TestGeneratedCode({\"llm_code\": \"hello\"})).to.equal(null);\nexpect(oa.TestGeneratedCode(null)).to.equal(null);\nexpect(oa.TestGeneratedCode()).to.equal(null);",
                  "err": {},
                  "uuid": "5da392e4-d9c0-44d0-b2ec-9f4b5790d521",
                  "parentUUID": "dd76c794-53fd-4046-81ea-8869aab623da",
                  "isHook": false,
                  "skipped": false
                }
              ],
              "suites": [],
              "passes": [
                "53283a58-b60a-4487-9c05-f5bee4bac110",
                "ecad6778-ee52-4d6c-a93d-c17f9dcbfa2c",
                "1ae6cfd5-095d-4985-b425-f6401d71d871",
                "a4f2bd4a-8b18-4c1a-9b37-631d04ed855d",
                "3d725799-6def-4ec5-8ef6-482e936689bb",
                "5da392e4-d9c0-44d0-b2ec-9f4b5790d521"
              ],
              "failures": [],
              "pending": [],
              "skipped": [],
              "duration": 2,
              "root": false,
              "rootEmpty": false,
              "_timeout": 30000
            },
            {
              "uuid": "ac42c9e2-a45b-43df-b36b-62c52ec89627",
              "title": "Combining everything",
              "fullFile": "/usr/src/app/server/test/ollama_api.test.js",
              "file": "/test/ollama_api.test.js",
              "beforeHooks": [],
              "afterHooks": [],
              "tests": [
                {
                  "title": "Regular test with proper query",
                  "fullTitle": "Tests for Ollama Backend Fetching, Parsing, and Grading Helpers Combining everything Regular test with proper query",
                  "timedOut": false,
                  "duration": 6160,
                  "state": "passed",
                  "speed": "slow",
                  "pass": true,
                  "fail": false,
                  "pending": false,
                  "context": null,
                  "code": "const resp = await oa.FetchResponse(two_sum_fn_desc.desc);\nexpect(resp).to.not.equal(null);\nexpect(resp.llm_code.startsWith(\"function\")).to.equal(true);\nexpect(resp.llm_code).to.match(/function(.|\\s)*\\}/);\n    \nresp.id = 1;\n\nconst graded = oa.TestGeneratedCode(resp);\nexpect(graded.length).to.equal(3);\nexpect(graded[0].passed).to.equal(true);\nexpect(graded[0].desc).to.equal(\"A test to check if adding properly.\");\nexpect(graded[1].passed).to.equal(true);\nexpect(graded[1].desc).to.equal(\"A less basic test to check if adding properly.\");\nexpect(graded[2].passed).to.equal(true);\nexpect(graded[2].desc).to.equal(\"Another basic test to check if adding properly.\");",
                  "err": {},
                  "uuid": "0fa11bf6-a916-472e-b4ab-0ee0e8a176b6",
                  "parentUUID": "ac42c9e2-a45b-43df-b36b-62c52ec89627",
                  "isHook": false,
                  "skipped": false
                }
              ],
              "suites": [],
              "passes": [
                "0fa11bf6-a916-472e-b4ab-0ee0e8a176b6"
              ],
              "failures": [],
              "pending": [],
              "skipped": [],
              "duration": 6160,
              "root": false,
              "rootEmpty": false,
              "_timeout": 30000
            },
            {
              "uuid": "39944249-48fd-4ee6-9443-35e8c359faaf",
              "title": "Testing the getTotalScore function",
              "fullFile": "/usr/src/app/server/test/ollama_api.test.js",
              "file": "/test/ollama_api.test.js",
              "beforeHooks": [],
              "afterHooks": [],
              "tests": [
                {
                  "title": "Testing when results are null/undefined",
                  "fullTitle": "Tests for Ollama Backend Fetching, Parsing, and Grading Helpers Testing the getTotalScore function Testing when results are null/undefined",
                  "timedOut": false,
                  "duration": 0,
                  "state": "passed",
                  "speed": "fast",
                  "pass": true,
                  "fail": false,
                  "pending": false,
                  "context": null,
                  "code": "expect(oa.getTotalScore()).to.equal(null);\nexpect(oa.getTotalScore(null)).to.equal(null);\nexpect(oa.getTotalScore([])).to.equal(0);",
                  "err": {},
                  "uuid": "b57fafae-39b6-4230-a9a9-b3c1247d1c5f",
                  "parentUUID": "39944249-48fd-4ee6-9443-35e8c359faaf",
                  "isHook": false,
                  "skipped": false
                },
                {
                  "title": "Testing when error in testing function (i.e. errors)",
                  "fullTitle": "Tests for Ollama Backend Fetching, Parsing, and Grading Helpers Testing the getTotalScore function Testing when error in testing function (i.e. errors)",
                  "timedOut": false,
                  "duration": 1,
                  "state": "passed",
                  "speed": "fast",
                  "pass": true,
                  "fail": false,
                  "pending": false,
                  "context": null,
                  "code": "expect(oa.getTotalScore(err_results)).to.equal(0);",
                  "err": {},
                  "uuid": "32aff049-04a4-4fed-bff0-bca45ef01ff4",
                  "parentUUID": "39944249-48fd-4ee6-9443-35e8c359faaf",
                  "isHook": false,
                  "skipped": false
                },
                {
                  "title": "Testing with normal results",
                  "fullTitle": "Tests for Ollama Backend Fetching, Parsing, and Grading Helpers Testing the getTotalScore function Testing with normal results",
                  "timedOut": false,
                  "duration": 0,
                  "state": "passed",
                  "speed": "fast",
                  "pass": true,
                  "fail": false,
                  "pending": false,
                  "context": null,
                  "code": "expect(oa.getTotalScore(normal_results)).to.equal(6);",
                  "err": {},
                  "uuid": "ac2e52aa-fe1a-4bae-b7f5-64fa9f63a6f7",
                  "parentUUID": "39944249-48fd-4ee6-9443-35e8c359faaf",
                  "isHook": false,
                  "skipped": false
                }
              ],
              "suites": [],
              "passes": [
                "b57fafae-39b6-4230-a9a9-b3c1247d1c5f",
                "32aff049-04a4-4fed-bff0-bca45ef01ff4",
                "ac2e52aa-fe1a-4bae-b7f5-64fa9f63a6f7"
              ],
              "failures": [],
              "pending": [],
              "skipped": [],
              "duration": 1,
              "root": false,
              "rootEmpty": false,
              "_timeout": 30000
            }
          ],
          "passes": [],
          "failures": [],
          "pending": [],
          "skipped": [],
          "duration": 0,
          "root": false,
          "rootEmpty": false,
          "_timeout": 30000
        },
        {
          "uuid": "fb4a8ab6-9896-4a5b-ab73-53db47be9e10",
          "title": "Tests for user_data functions",
          "fullFile": "/usr/src/app/server/test/user_data.test.js",
          "file": "/test/user_data.test.js",
          "beforeHooks": [
            {
              "title": "\"before each\" hook in \"Tests for user_data functions\"",
              "fullTitle": "Tests for user_data functions \"before each\" hook in \"Tests for user_data functions\"",
              "timedOut": false,
              "duration": 2,
              "state": null,
              "speed": null,
              "pass": false,
              "fail": false,
              "pending": false,
              "context": null,
              "code": "clearFolder();",
              "err": {},
              "uuid": "7458943f-f975-4e2c-b48d-161169f0d896",
              "parentUUID": "fb4a8ab6-9896-4a5b-ab73-53db47be9e10",
              "isHook": true,
              "skipped": false
            }
          ],
          "afterHooks": [
            {
              "title": "\"after all\" hook in \"Tests for user_data functions\"",
              "fullTitle": "Tests for user_data functions \"after all\" hook in \"Tests for user_data functions\"",
              "timedOut": false,
              "duration": 2,
              "state": null,
              "speed": null,
              "pass": false,
              "fail": false,
              "pending": false,
              "context": null,
              "code": "clearFolder();",
              "err": {},
              "uuid": "2e3625cf-240e-47da-8146-74639c99098d",
              "parentUUID": "fb4a8ab6-9896-4a5b-ab73-53db47be9e10",
              "isHook": true,
              "skipped": false
            }
          ],
          "tests": [],
          "suites": [
            {
              "uuid": "097f051f-3033-4082-9348-c09e86e2d2a7",
              "title": "Testing the loadUserDataOnStart function",
              "fullFile": "/usr/src/app/server/test/user_data.test.js",
              "file": "/test/user_data.test.js",
              "beforeHooks": [],
              "afterHooks": [],
              "tests": [
                {
                  "title": "Testing an empty folder",
                  "fullTitle": "Tests for user_data functions Testing the loadUserDataOnStart function Testing an empty folder",
                  "timedOut": false,
                  "duration": 0,
                  "state": "passed",
                  "speed": "fast",
                  "pass": true,
                  "fail": false,
                  "pending": false,
                  "context": null,
                  "code": "const users = udata.loadUserDataOnStart(testFolderName);\nexpect(users.length).to.equal(0);",
                  "err": {},
                  "uuid": "3142035c-fdb7-495f-894c-18995157a5c9",
                  "parentUUID": "097f051f-3033-4082-9348-c09e86e2d2a7",
                  "isHook": false,
                  "skipped": false
                },
                {
                  "title": "Testing a non-empty folder",
                  "fullTitle": "Tests for user_data functions Testing the loadUserDataOnStart function Testing a non-empty folder",
                  "timedOut": false,
                  "duration": 2,
                  "state": "passed",
                  "speed": "fast",
                  "pass": true,
                  "fail": false,
                  "pending": false,
                  "context": null,
                  "code": "udata.initializeUserDataFile(testFolderName, user0.user_id, user0.nickname);\nudata.initializeUserDataFile(testFolderName, user1.user_id, user1.nickname);\nconst users = udata.loadUserDataOnStart(testFolderName);\nexpect(users.length).to.equal(2);",
                  "err": {},
                  "uuid": "553db8a9-3e42-4d27-ba87-295ff01daa54",
                  "parentUUID": "097f051f-3033-4082-9348-c09e86e2d2a7",
                  "isHook": false,
                  "skipped": false
                },
                {
                  "title": "Testing a non-existent folder",
                  "fullTitle": "Tests for user_data functions Testing the loadUserDataOnStart function Testing a non-existent folder",
                  "timedOut": false,
                  "duration": 0,
                  "state": "passed",
                  "speed": "fast",
                  "pass": true,
                  "fail": false,
                  "pending": false,
                  "context": null,
                  "code": "const users = udata.loadUserDataOnStart(\"nonExistentFolder\");\nexpect(users).to.equal(null);",
                  "err": {},
                  "uuid": "3f469bc4-83d8-48b1-8379-3ffb0e44547d",
                  "parentUUID": "097f051f-3033-4082-9348-c09e86e2d2a7",
                  "isHook": false,
                  "skipped": false
                },
                {
                  "title": "Testing null or missing folder param",
                  "fullTitle": "Tests for user_data functions Testing the loadUserDataOnStart function Testing null or missing folder param",
                  "timedOut": false,
                  "duration": 0,
                  "state": "passed",
                  "speed": "fast",
                  "pass": true,
                  "fail": false,
                  "pending": false,
                  "context": null,
                  "code": "const users = udata.loadUserDataOnStart();\nexpect(users).to.equal(null);\nconst users2 = udata.loadUserDataOnStart(null);\nexpect(users2).to.equal(null);",
                  "err": {},
                  "uuid": "de037521-8d80-4c10-8084-84872d560cde",
                  "parentUUID": "097f051f-3033-4082-9348-c09e86e2d2a7",
                  "isHook": false,
                  "skipped": false
                }
              ],
              "suites": [],
              "passes": [
                "3142035c-fdb7-495f-894c-18995157a5c9",
                "553db8a9-3e42-4d27-ba87-295ff01daa54",
                "3f469bc4-83d8-48b1-8379-3ffb0e44547d",
                "de037521-8d80-4c10-8084-84872d560cde"
              ],
              "failures": [],
              "pending": [],
              "skipped": [],
              "duration": 2,
              "root": false,
              "rootEmpty": false,
              "_timeout": 30000
            },
            {
              "uuid": "fc4a6c3b-c54b-423d-bcf5-52913ae9fc7c",
              "title": "Testing the initializeUserDataFile function",
              "fullFile": "/usr/src/app/server/test/user_data.test.js",
              "file": "/test/user_data.test.js",
              "beforeHooks": [],
              "afterHooks": [],
              "tests": [
                {
                  "title": "Initializing an existing user",
                  "fullTitle": "Tests for user_data functions Testing the initializeUserDataFile function Initializing an existing user",
                  "timedOut": false,
                  "duration": 0,
                  "state": "passed",
                  "speed": "fast",
                  "pass": true,
                  "fail": false,
                  "pending": false,
                  "context": null,
                  "code": "let res = udata.initializeUserDataFile(testFolderName, user0.user_id, user0.nickname);\nexpect(udata.getUsers().length).to.equal(1);\nexpect(res).to.equal(\"success\");\nres = udata.initializeUserDataFile(testFolderName, user0.user_id, user0.nickname);\nexpect(udata.getUsers().length).to.equal(1);\nexpect(res).to.equal(null);",
                  "err": {},
                  "uuid": "169d0d73-36a0-4a9a-b3e9-0d08a68ab1dd",
                  "parentUUID": "fc4a6c3b-c54b-423d-bcf5-52913ae9fc7c",
                  "isHook": false,
                  "skipped": false
                },
                {
                  "title": "Initializing multiple users",
                  "fullTitle": "Tests for user_data functions Testing the initializeUserDataFile function Initializing multiple users",
                  "timedOut": false,
                  "duration": 1,
                  "state": "passed",
                  "speed": "fast",
                  "pass": true,
                  "fail": false,
                  "pending": false,
                  "context": null,
                  "code": "let res = udata.initializeUserDataFile(testFolderName, user0.user_id, user0.nickname);\nexpect(udata.getUsers().length).to.equal(1);\nexpect(res).to.equal(\"success\");\nres = udata.initializeUserDataFile(testFolderName, user1.user_id, user1.nickname);\nexpect(udata.getUsers().length).to.equal(2);\nexpect(res).to.equal(\"success\");",
                  "err": {},
                  "uuid": "f6f86038-9a38-4d32-ae98-922ba1ca5786",
                  "parentUUID": "fc4a6c3b-c54b-423d-bcf5-52913ae9fc7c",
                  "isHook": false,
                  "skipped": false
                },
                {
                  "title": "Initializing with null and invalid folder",
                  "fullTitle": "Tests for user_data functions Testing the initializeUserDataFile function Initializing with null and invalid folder",
                  "timedOut": false,
                  "duration": 1,
                  "state": "passed",
                  "speed": "fast",
                  "pass": true,
                  "fail": false,
                  "pending": false,
                  "context": null,
                  "code": "let res = udata.initializeUserDataFile(null, user0.user_id, user0.nickname);\nexpect(res).to.equal(null);\nexpect(udata.getUsers().length).to.equal(0);\nres = udata.initializeUserDataFile(\"nonExistentFolder\", user0.user_id, user0.nickname);\nexpect(res).to.equal(null);\nexpect(udata.getUsers().length).to.equal(0);",
                  "err": {},
                  "uuid": "baacfe60-3028-4cdc-9436-f9bd61195573",
                  "parentUUID": "fc4a6c3b-c54b-423d-bcf5-52913ae9fc7c",
                  "isHook": false,
                  "skipped": false
                },
                {
                  "title": "Initializing with null/missing userid/nickname",
                  "fullTitle": "Tests for user_data functions Testing the initializeUserDataFile function Initializing with null/missing userid/nickname",
                  "timedOut": false,
                  "duration": 0,
                  "state": "passed",
                  "speed": "fast",
                  "pass": true,
                  "fail": false,
                  "pending": false,
                  "context": null,
                  "code": "let res = udata.initializeUserDataFile(testFolderName, null, null);\nexpect(res).to.equal(null);\nexpect(udata.getUsers().length).to.equal(0);\nres = udata.initializeUserDataFile(\"nonExistentFolder\");\nexpect(res).to.equal(null);\nexpect(udata.getUsers().length).to.equal(0);",
                  "err": {},
                  "uuid": "cab5f5a6-afd5-43ba-8aec-ba3b1fb638cc",
                  "parentUUID": "fc4a6c3b-c54b-423d-bcf5-52913ae9fc7c",
                  "isHook": false,
                  "skipped": false
                },
                {
                  "title": "Initializing with all null/missing params",
                  "fullTitle": "Tests for user_data functions Testing the initializeUserDataFile function Initializing with all null/missing params",
                  "timedOut": false,
                  "duration": 0,
                  "state": "passed",
                  "speed": "fast",
                  "pass": true,
                  "fail": false,
                  "pending": false,
                  "context": null,
                  "code": "let res = udata.initializeUserDataFile(null, null, null);\nexpect(res).to.equal(null);\nexpect(udata.getUsers().length).to.equal(0);\nres = udata.initializeUserDataFile();\nexpect(res).to.equal(null);\nexpect(udata.getUsers().length).to.equal(0);",
                  "err": {},
                  "uuid": "e90c01c4-7fdd-47bb-b273-64a5c0ad4f8b",
                  "parentUUID": "fc4a6c3b-c54b-423d-bcf5-52913ae9fc7c",
                  "isHook": false,
                  "skipped": false
                }
              ],
              "suites": [],
              "passes": [
                "169d0d73-36a0-4a9a-b3e9-0d08a68ab1dd",
                "f6f86038-9a38-4d32-ae98-922ba1ca5786",
                "baacfe60-3028-4cdc-9436-f9bd61195573",
                "cab5f5a6-afd5-43ba-8aec-ba3b1fb638cc",
                "e90c01c4-7fdd-47bb-b273-64a5c0ad4f8b"
              ],
              "failures": [],
              "pending": [],
              "skipped": [],
              "duration": 2,
              "root": false,
              "rootEmpty": false,
              "_timeout": 30000
            },
            {
              "uuid": "2960db70-051e-444c-98d2-1b481855f8d1",
              "title": "Testing the updateUserDataFile function",
              "fullFile": "/usr/src/app/server/test/user_data.test.js",
              "file": "/test/user_data.test.js",
              "beforeHooks": [],
              "afterHooks": [],
              "tests": [
                {
                  "title": "Updating an existing user, correct directory",
                  "fullTitle": "Tests for user_data functions Testing the updateUserDataFile function Updating an existing user, correct directory",
                  "timedOut": false,
                  "duration": 2,
                  "state": "passed",
                  "speed": "fast",
                  "pass": true,
                  "fail": false,
                  "pending": false,
                  "context": null,
                  "code": "udata.initializeUserDataFile(testFolderName, user0.user_id, user0.nickname);\nconst updatedUser = {\n    \"user_id\": \"1234567890\",\n    \"nickname\": \"mikey\",\n    \"questions_solved\": {\n        \"1\": 3,\n        \"2\": 2\n    },\n    \"num_points\": 5\n}\nres = udata.updateUserDataFile(testFolderName, updatedUser);\nexpect(res).to.equal(\"success\");\nconst retrievedUser = udata.getUserDataFile(testFolderName, updatedUser.user_id);\nexpect(retrievedUser.user_id).to.equal(updatedUser.user_id);\nexpect(retrievedUser.nickname).to.equal(updatedUser.nickname);\nexpect(retrievedUser.questions_solved[\"1\"]).to.equal(3);\nexpect(retrievedUser.questions_solved[\"2\"]).to.equal(2);\nexpect(retrievedUser.num_points).to.equal(5);",
                  "err": {},
                  "uuid": "60c2c925-ca2d-4208-aebb-ac599c4eadf9",
                  "parentUUID": "2960db70-051e-444c-98d2-1b481855f8d1",
                  "isHook": false,
                  "skipped": false
                },
                {
                  "title": "Updating an existing user, wrong directory",
                  "fullTitle": "Tests for user_data functions Testing the updateUserDataFile function Updating an existing user, wrong directory",
                  "timedOut": false,
                  "duration": 1,
                  "state": "passed",
                  "speed": "fast",
                  "pass": true,
                  "fail": false,
                  "pending": false,
                  "context": null,
                  "code": "udata.initializeUserDataFile(testFolderName, user0.user_id, user0.nickname);\nconst updatedUser = {\n    \"user_id\": \"1234567890\",\n    \"nickname\": \"mikey\",\n    \"questions_solved\": {\n        \"1\": 3,\n        \"2\": 2\n    },\n    \"num_points\": 5\n}\nres = udata.updateUserDataFile(\"nonExistentFolder\", updatedUser);\nexpect(res).to.equal(null);",
                  "err": {},
                  "uuid": "fd1e7a67-f98a-49f1-bbc7-a12ac1bd778c",
                  "parentUUID": "2960db70-051e-444c-98d2-1b481855f8d1",
                  "isHook": false,
                  "skipped": false
                },
                {
                  "title": "Updating with null/undefined params",
                  "fullTitle": "Tests for user_data functions Testing the updateUserDataFile function Updating with null/undefined params",
                  "timedOut": false,
                  "duration": 0,
                  "state": "passed",
                  "speed": "fast",
                  "pass": true,
                  "fail": false,
                  "pending": false,
                  "context": null,
                  "code": "expect(udata.updateUserDataFile(null, null)).to.equal(null);\nexpect(udata.updateUserDataFile()).to.equal(null);\nexpect(udata.updateUserDataFile(null, user0)).to.equal(null);\nexpect(udata.updateUserDataFile(testFolderName, null)).to.equal(null);",
                  "err": {},
                  "uuid": "d449cd61-c50b-41d7-9c77-6c09dbb6106a",
                  "parentUUID": "2960db70-051e-444c-98d2-1b481855f8d1",
                  "isHook": false,
                  "skipped": false
                },
                {
                  "title": "Updating non-existent user, correct directory",
                  "fullTitle": "Tests for user_data functions Testing the updateUserDataFile function Updating non-existent user, correct directory",
                  "timedOut": false,
                  "duration": 1,
                  "state": "passed",
                  "speed": "fast",
                  "pass": true,
                  "fail": false,
                  "pending": false,
                  "context": null,
                  "code": "const updatedUser = {\n    \"user_id\": \"1234567890\",\n    \"nickname\": \"mikey\",\n    \"questions_solved\": {\n        \"1\": 3,\n        \"2\": 2\n    },\n    \"num_points\": 5\n}\nres = udata.updateUserDataFile(testFolderName, updatedUser);\nexpect(res).to.equal(\"success\");\nconst retrievedUser = udata.getUserDataFile(testFolderName, updatedUser.user_id);\nexpect(retrievedUser.user_id).to.equal(updatedUser.user_id);\nexpect(retrievedUser.nickname).to.equal(updatedUser.nickname);\nexpect(retrievedUser.questions_solved[\"1\"]).to.equal(3);\nexpect(retrievedUser.questions_solved[\"2\"]).to.equal(2);\nexpect(retrievedUser.num_points).to.equal(5);",
                  "err": {},
                  "uuid": "9b65aba5-ffe4-4a6c-b60b-edb2323cb737",
                  "parentUUID": "2960db70-051e-444c-98d2-1b481855f8d1",
                  "isHook": false,
                  "skipped": false
                }
              ],
              "suites": [],
              "passes": [
                "60c2c925-ca2d-4208-aebb-ac599c4eadf9",
                "fd1e7a67-f98a-49f1-bbc7-a12ac1bd778c",
                "d449cd61-c50b-41d7-9c77-6c09dbb6106a",
                "9b65aba5-ffe4-4a6c-b60b-edb2323cb737"
              ],
              "failures": [],
              "pending": [],
              "skipped": [],
              "duration": 4,
              "root": false,
              "rootEmpty": false,
              "_timeout": 30000
            },
            {
              "uuid": "fe750c52-5bd8-4f62-a2b8-24bd143d3503",
              "title": "Testing the updateQuestionScore function",
              "fullFile": "/usr/src/app/server/test/user_data.test.js",
              "file": "/test/user_data.test.js",
              "beforeHooks": [],
              "afterHooks": [],
              "tests": [
                {
                  "title": "Testing null/undefined params",
                  "fullTitle": "Tests for user_data functions Testing the updateQuestionScore function Testing null/undefined params",
                  "timedOut": false,
                  "duration": 0,
                  "state": "passed",
                  "speed": "fast",
                  "pass": true,
                  "fail": false,
                  "pending": false,
                  "context": null,
                  "code": "expect(udata.updateQuestionScore(null, null)).to.equal(null);\nexpect(udata.updateQuestionScore()).to.equal(null);\nexpect(udata.updateQuestionScore(null, newQuestionData)).to.equal(null);\nexpect(udata.updateQuestionScore(user0, null)).to.equal(null);",
                  "err": {},
                  "uuid": "afb2ff7f-1a13-40b7-bf2c-4fa03e65b3ae",
                  "parentUUID": "fe750c52-5bd8-4f62-a2b8-24bd143d3503",
                  "isHook": false,
                  "skipped": false
                },
                {
                  "title": "Testing valid user, new score",
                  "fullTitle": "Tests for user_data functions Testing the updateQuestionScore function Testing valid user, new score",
                  "timedOut": false,
                  "duration": 1,
                  "state": "passed",
                  "speed": "fast",
                  "pass": true,
                  "fail": false,
                  "pending": false,
                  "context": null,
                  "code": "udata.initializeUserDataFile(testFolderName, user0.user_id, user0.nickname);\nlet user = udata.getUserDataFile(testFolderName, user0.user_id);\nlet updatedUser = udata.updateQuestionScore(user, newQuestionData)\nexpect(updatedUser.questions_solved[newQuestionData.qid]).to.equal(newQuestionData.score);\nexpect(updatedUser.num_points).to.equal(2);",
                  "err": {},
                  "uuid": "36e612e6-1202-472e-bf39-783f4e211138",
                  "parentUUID": "fe750c52-5bd8-4f62-a2b8-24bd143d3503",
                  "isHook": false,
                  "skipped": false
                },
                {
                  "title": "Testing valid user, lower score",
                  "fullTitle": "Tests for user_data functions Testing the updateQuestionScore function Testing valid user, lower score",
                  "timedOut": false,
                  "duration": 1,
                  "state": "passed",
                  "speed": "fast",
                  "pass": true,
                  "fail": false,
                  "pending": false,
                  "context": null,
                  "code": "udata.initializeUserDataFile(testFolderName, user0.user_id, user0.nickname);\nlet user = udata.getUserDataFile(testFolderName, user0.user_id);\nlet updatedUser0 = udata.updateQuestionScore(user, newQuestionData);\nlet updatedUser1 = udata.updateQuestionScore(updatedUser0, newQuestionDataLower);\nexpect(updatedUser1.questions_solved[newQuestionData.qid]).to.equal(newQuestionData.score);\nexpect(updatedUser1.num_points).to.equal(2);",
                  "err": {},
                  "uuid": "db5a8184-035b-4045-b9c3-e5a81e15246d",
                  "parentUUID": "fe750c52-5bd8-4f62-a2b8-24bd143d3503",
                  "isHook": false,
                  "skipped": false
                },
                {
                  "title": "Testing valid user, higher score",
                  "fullTitle": "Tests for user_data functions Testing the updateQuestionScore function Testing valid user, higher score",
                  "timedOut": false,
                  "duration": 1,
                  "state": "passed",
                  "speed": "fast",
                  "pass": true,
                  "fail": false,
                  "pending": false,
                  "context": null,
                  "code": "udata.initializeUserDataFile(testFolderName, user0.user_id, user0.nickname);\nlet user = udata.getUserDataFile(testFolderName, user0.user_id);\nlet updatedUser0 = udata.updateQuestionScore(user, newQuestionData);\nlet updatedUser1 = udata.updateQuestionScore(updatedUser0, newQuestionDataHigher);\nexpect(updatedUser1.questions_solved[newQuestionData.qid]).to.equal(newQuestionDataHigher.score);\nexpect(updatedUser1.num_points).to.equal(3);",
                  "err": {},
                  "uuid": "6f9fde12-abde-4706-8b9f-8415b93d03be",
                  "parentUUID": "fe750c52-5bd8-4f62-a2b8-24bd143d3503",
                  "isHook": false,
                  "skipped": false
                }
              ],
              "suites": [],
              "passes": [
                "afb2ff7f-1a13-40b7-bf2c-4fa03e65b3ae",
                "36e612e6-1202-472e-bf39-783f4e211138",
                "db5a8184-035b-4045-b9c3-e5a81e15246d",
                "6f9fde12-abde-4706-8b9f-8415b93d03be"
              ],
              "failures": [],
              "pending": [],
              "skipped": [],
              "duration": 3,
              "root": false,
              "rootEmpty": false,
              "_timeout": 30000
            },
            {
              "uuid": "340a2a9a-2069-4481-81fa-a59250a41775",
              "title": "Testing the updatedUserFileWithNewScore function",
              "fullFile": "/usr/src/app/server/test/user_data.test.js",
              "file": "/test/user_data.test.js",
              "beforeHooks": [],
              "afterHooks": [],
              "tests": [
                {
                  "title": "Testing null/undefined params",
                  "fullTitle": "Tests for user_data functions Testing the updatedUserFileWithNewScore function Testing null/undefined params",
                  "timedOut": false,
                  "duration": 0,
                  "state": "passed",
                  "speed": "fast",
                  "pass": true,
                  "fail": false,
                  "pending": false,
                  "context": null,
                  "code": "expect(udata.updatedUserFileWithNewScore(testFolderName, null, null)).to.equal(null);\nexpect(udata.updatedUserFileWithNewScore(\"nonExistentFolder\", null, null)).to.equal(null);\nexpect(udata.updatedUserFileWithNewScore(null, null, null)).to.equal(null);\nexpect(udata.updatedUserFileWithNewScore(null, user0.user_id, null)).to.equal(null);\nexpect(udata.updatedUserFileWithNewScore(null, null, user0.user_id)).to.equal(null);\nexpect(udata.updatedUserFileWithNewScore()).to.equal(null);",
                  "err": {},
                  "uuid": "1903d4b4-72a2-4663-b71b-082d5148131a",
                  "parentUUID": "340a2a9a-2069-4481-81fa-a59250a41775",
                  "isHook": false,
                  "skipped": false
                },
                {
                  "title": "Testing updating the score for a new question",
                  "fullTitle": "Tests for user_data functions Testing the updatedUserFileWithNewScore function Testing updating the score for a new question",
                  "timedOut": false,
                  "duration": 1,
                  "state": "passed",
                  "speed": "fast",
                  "pass": true,
                  "fail": false,
                  "pending": false,
                  "context": null,
                  "code": "udata.initializeUserDataFile(testFolderName, user0.user_id, user0.nickname);\nlet res = udata.updatedUserFileWithNewScore(testFolderName, user0.user_id, newQuestionData);\nexpect(res).to.equal(\"success\");\nlet user = udata.getUserDataFile(testFolderName, user0.user_id);\nexpect(user.questions_solved[newQuestionData.qid]).to.equal(newQuestionData.score);\nexpect(user.num_points).to.equal(2);",
                  "err": {},
                  "uuid": "9149ca3d-ecdc-49d4-948e-9a88e1355eb4",
                  "parentUUID": "340a2a9a-2069-4481-81fa-a59250a41775",
                  "isHook": false,
                  "skipped": false
                },
                {
                  "title": "Testing updating the score for an existing question with lower score",
                  "fullTitle": "Tests for user_data functions Testing the updatedUserFileWithNewScore function Testing updating the score for an existing question with lower score",
                  "timedOut": false,
                  "duration": 2,
                  "state": "passed",
                  "speed": "fast",
                  "pass": true,
                  "fail": false,
                  "pending": false,
                  "context": null,
                  "code": "udata.initializeUserDataFile(testFolderName, user0.user_id, user0.nickname);\nudata.updatedUserFileWithNewScore(testFolderName, user0.user_id, newQuestionData);\nlet res = udata.updatedUserFileWithNewScore(testFolderName, user0.user_id, newQuestionDataLower);\nexpect(res).to.equal(\"success\");\nlet user = udata.getUserDataFile(testFolderName, user0.user_id);\nexpect(user.questions_solved[newQuestionData.qid]).to.equal(newQuestionData.score);\nexpect(user.num_points).to.equal(2);",
                  "err": {},
                  "uuid": "75dee3a1-10f3-4bb8-ba13-873642ab9917",
                  "parentUUID": "340a2a9a-2069-4481-81fa-a59250a41775",
                  "isHook": false,
                  "skipped": false
                },
                {
                  "title": "Testing updating the score for an existing question with higher score",
                  "fullTitle": "Tests for user_data functions Testing the updatedUserFileWithNewScore function Testing updating the score for an existing question with higher score",
                  "timedOut": false,
                  "duration": 2,
                  "state": "passed",
                  "speed": "fast",
                  "pass": true,
                  "fail": false,
                  "pending": false,
                  "context": null,
                  "code": "udata.initializeUserDataFile(testFolderName, user0.user_id, user0.nickname);\nudata.updatedUserFileWithNewScore(testFolderName, user0.user_id, newQuestionData);\nlet res = udata.updatedUserFileWithNewScore(testFolderName, user0.user_id, newQuestionDataHigher);\nexpect(res).to.equal(\"success\");\nlet user = udata.getUserDataFile(testFolderName, user0.user_id);\nexpect(user.questions_solved[newQuestionData.qid]).to.equal(newQuestionDataHigher.score);\nexpect(user.num_points).to.equal(3);",
                  "err": {},
                  "uuid": "3f31b995-4947-483b-95ed-37bc73f05f32",
                  "parentUUID": "340a2a9a-2069-4481-81fa-a59250a41775",
                  "isHook": false,
                  "skipped": false
                },
                {
                  "title": "Testing updating the score for multiple questions",
                  "fullTitle": "Tests for user_data functions Testing the updatedUserFileWithNewScore function Testing updating the score for multiple questions",
                  "timedOut": false,
                  "duration": 1,
                  "state": "passed",
                  "speed": "fast",
                  "pass": true,
                  "fail": false,
                  "pending": false,
                  "context": null,
                  "code": "udata.initializeUserDataFile(testFolderName, user0.user_id, user0.nickname);\nudata.updatedUserFileWithNewScore(testFolderName, user0.user_id, newQuestionData);\nudata.updatedUserFileWithNewScore(testFolderName, user0.user_id, diffQuestionData);\nlet user = udata.getUserDataFile(testFolderName, user0.user_id);\nexpect(user.questions_solved[newQuestionData.qid]).to.equal(newQuestionData.score);\nexpect(user.questions_solved[diffQuestionData.qid]).to.equal(diffQuestionData.score);\nexpect(user.num_points).to.equal(5);",
                  "err": {},
                  "uuid": "8eafa2ef-086d-4677-8f8d-e090e19402be",
                  "parentUUID": "340a2a9a-2069-4481-81fa-a59250a41775",
                  "isHook": false,
                  "skipped": false
                }
              ],
              "suites": [],
              "passes": [
                "1903d4b4-72a2-4663-b71b-082d5148131a",
                "9149ca3d-ecdc-49d4-948e-9a88e1355eb4",
                "75dee3a1-10f3-4bb8-ba13-873642ab9917",
                "3f31b995-4947-483b-95ed-37bc73f05f32",
                "8eafa2ef-086d-4677-8f8d-e090e19402be"
              ],
              "failures": [],
              "pending": [],
              "skipped": [],
              "duration": 6,
              "root": false,
              "rootEmpty": false,
              "_timeout": 30000
            }
          ],
          "passes": [],
          "failures": [],
          "pending": [],
          "skipped": [],
          "duration": 0,
          "root": false,
          "rootEmpty": false,
          "_timeout": 30000
        }
      ],
      "passes": [],
      "failures": [],
      "pending": [],
      "skipped": [],
      "duration": 0,
      "root": true,
      "rootEmpty": true,
      "_timeout": 30000
    }
  ],
  "meta": {
    "mocha": {
      "version": "10.5.2"
    },
    "mochawesome": {
      "options": {
        "quiet": false,
        "reportFilename": "mochawesome",
        "saveHtml": true,
        "saveJson": true,
        "consoleReporter": "spec",
        "useInlineDiffs": false,
        "code": true
      },
      "version": "7.1.3"
    },
    "marge": {
      "options": null,
      "version": "6.2.0"
    }
  }
}