{
  "stats": {
    "suites": 10,
    "tests": 32,
    "passes": 32,
    "pending": 0,
    "failures": 0,
    "start": "2024-07-10T17:52:44.522Z",
    "end": "2024-07-10T17:53:34.365Z",
    "duration": 49843,
    "testsRegistered": 32,
    "passPercent": 100,
    "pendingPercent": 0,
    "other": 0,
    "hasOther": false,
    "skipped": 0,
    "hasSkipped": false
  },
  "results": [
    {
      "uuid": "791f21e8-57ec-4b54-8490-5e73351b53de",
      "title": "",
      "fullFile": "",
      "file": "",
      "beforeHooks": [],
      "afterHooks": [],
      "tests": [],
      "suites": [
        {
          "uuid": "0cb32251-996e-4834-afda-fa631f96696a",
          "title": "Tests for the Ollama backend REST API endpoints",
          "fullFile": "/usr/src/app/server/test/app.test.js",
          "file": "/test/app.test.js",
          "beforeHooks": [
            {
              "title": "\"before all\" hook in \"Tests for the Ollama backend REST API endpoints\"",
              "fullTitle": "Tests for the Ollama backend REST API endpoints \"before all\" hook in \"Tests for the Ollama backend REST API endpoints\"",
              "timedOut": false,
              "duration": 0,
              "state": null,
              "speed": null,
              "pass": false,
              "fail": false,
              "pending": false,
              "context": null,
              "code": "testServer = server.app.listen(done);\nrequest = supertest.agent(testServer);",
              "err": {},
              "uuid": "71d12f9a-b060-4c0d-acec-0a55856d63dc",
              "parentUUID": "0cb32251-996e-4834-afda-fa631f96696a",
              "isHook": true,
              "skipped": false
            }
          ],
          "afterHooks": [
            {
              "title": "\"after all\" hook in \"Tests for the Ollama backend REST API endpoints\"",
              "fullTitle": "Tests for the Ollama backend REST API endpoints \"after all\" hook in \"Tests for the Ollama backend REST API endpoints\"",
              "timedOut": false,
              "duration": 0,
              "state": null,
              "speed": null,
              "pass": false,
              "fail": false,
              "pending": false,
              "context": null,
              "code": "testServer.close(done);",
              "err": {},
              "uuid": "c1aa20c1-dd1f-4c7d-8819-45006b33fe0c",
              "parentUUID": "0cb32251-996e-4834-afda-fa631f96696a",
              "isHook": true,
              "skipped": false
            }
          ],
          "tests": [],
          "suites": [
            {
              "uuid": "698edf96-2c06-4373-9164-5c9be49acc0c",
              "title": "Testing the POST endpoint for /code",
              "fullFile": "/usr/src/app/server/test/app.test.js",
              "file": "/test/app.test.js",
              "beforeHooks": [],
              "afterHooks": [],
              "tests": [
                {
                  "title": "Providing a regular description",
                  "fullTitle": "Tests for the Ollama backend REST API endpoints Testing the POST endpoint for /code Providing a regular description",
                  "timedOut": false,
                  "duration": 17051,
                  "state": "passed",
                  "speed": "slow",
                  "pass": true,
                  "fail": false,
                  "pending": false,
                  "context": null,
                  "code": "request\n.post('/code')\n.send(two_sum_fn_desc)\n.set('Accept', 'application/json')\n.expect('Content-Type', /json/)\n.expect(200)\n.end(function(err, res) {\n    expect(res.body.llm_code).to.not.equal(null);\n    expect(res.body.llm_code).to.match(/return [\\w]+ \\+ [\\w]+/);\n    expect(res.body.llm_code).to.match(/function [\\w]+\\([\\w]+\\,[\\s]*[\\w]+\\)/);\n    if (err) done(err);\n    done();\n})",
                  "err": {},
                  "uuid": "a0c09493-d32d-4a87-b7ae-9dca2f44945c",
                  "parentUUID": "698edf96-2c06-4373-9164-5c9be49acc0c",
                  "isHook": false,
                  "skipped": false
                },
                {
                  "title": "Not providing a body",
                  "fullTitle": "Tests for the Ollama backend REST API endpoints Testing the POST endpoint for /code Not providing a body",
                  "timedOut": false,
                  "duration": 3,
                  "state": "passed",
                  "speed": "fast",
                  "pass": true,
                  "fail": false,
                  "pending": false,
                  "context": null,
                  "code": "request.post('/code')\n.send({})\n.set('Accept', 'application/json')\n.end(function(err, res) {\n    expect(res.statusCode).to.equal(400);\n    expect(res.body.error).to.equal(\"No description was provided.\");\n    if (err) done(err);\n    done();\n})",
                  "err": {},
                  "uuid": "04658bf9-06b5-472c-9be1-59998ad241ae",
                  "parentUUID": "698edf96-2c06-4373-9164-5c9be49acc0c",
                  "isHook": false,
                  "skipped": false
                }
              ],
              "suites": [],
              "passes": [
                "a0c09493-d32d-4a87-b7ae-9dca2f44945c",
                "04658bf9-06b5-472c-9be1-59998ad241ae"
              ],
              "failures": [],
              "pending": [],
              "skipped": [],
              "duration": 17054,
              "root": false,
              "rootEmpty": false,
              "_timeout": 300000
            },
            {
              "uuid": "9d995aab-8d85-49b8-ade6-8dca6b91eed9",
              "title": "Testing the POST endpoint for /grade",
              "fullFile": "/usr/src/app/server/test/app.test.js",
              "file": "/test/app.test.js",
              "beforeHooks": [],
              "afterHooks": [],
              "tests": [
                {
                  "title": "Providing random description",
                  "fullTitle": "Tests for the Ollama backend REST API endpoints Testing the POST endpoint for /grade Providing random description",
                  "timedOut": false,
                  "duration": 2933,
                  "state": "passed",
                  "speed": "slow",
                  "pass": true,
                  "fail": false,
                  "pending": false,
                  "context": null,
                  "code": "request.post('/grade')\n.send({\"id\": 1, \"desc\": \"blah\"})\n.set('Accept', 'application/json')\n.end(function(err, res) {\n    expect(res.statusCode).to.equal(200);\n    expect(res.body).to.not.equal(null);\n    expect(res.body.results.length).to.equal(3);\n    expect(res.body.results[0].score).to.equal(0);\n    expect(res.body.results[1].score).to.equal(0);\n    expect(res.body.results[2].score).to.equal(0);\n    if (err) done(err);\n    done();\n})",
                  "err": {},
                  "uuid": "32511572-366c-490d-9637-ac1debbfe371",
                  "parentUUID": "9d995aab-8d85-49b8-ade6-8dca6b91eed9",
                  "isHook": false,
                  "skipped": false
                },
                {
                  "title": "Providing bad JSON body",
                  "fullTitle": "Tests for the Ollama backend REST API endpoints Testing the POST endpoint for /grade Providing bad JSON body",
                  "timedOut": false,
                  "duration": 2,
                  "state": "passed",
                  "speed": "fast",
                  "pass": true,
                  "fail": false,
                  "pending": false,
                  "context": null,
                  "code": "request.post('/grade')\n.send({})\n.set('Accept', 'application/json')\n.end(function(err, res) {\n    expect(res.statusCode).to.equal(400);\n    expect(res.body).to.not.equal(null);\n    expect(res.body.error).to.equal(\"No description was provided.\");\n    if (err) done(err);\n    done();\n})",
                  "err": {},
                  "uuid": "344ace57-545a-4f04-aa2c-d08278b1c36c",
                  "parentUUID": "9d995aab-8d85-49b8-ade6-8dca6b91eed9",
                  "isHook": false,
                  "skipped": false
                },
                {
                  "title": "Providing invalid QID",
                  "fullTitle": "Tests for the Ollama backend REST API endpoints Testing the POST endpoint for /grade Providing invalid QID",
                  "timedOut": false,
                  "duration": 2,
                  "state": "passed",
                  "speed": "fast",
                  "pass": true,
                  "fail": false,
                  "pending": false,
                  "context": null,
                  "code": "request.post('/grade')\n.send({\"id\": 999, \"llm_code\": \"function foo(a, b) { return a + b; }\"})\n.set('Accept', 'application/json')\n.end(function(err, res) {\n    expect(res.statusCode).to.equal(400);\n    if (err) done(err);\n    done();\n})",
                  "err": {},
                  "uuid": "0f92c9e1-fc24-492f-9948-6198f7ec7524",
                  "parentUUID": "9d995aab-8d85-49b8-ade6-8dca6b91eed9",
                  "isHook": false,
                  "skipped": false
                },
                {
                  "title": "Providing a regular, valid function for grade",
                  "fullTitle": "Tests for the Ollama backend REST API endpoints Testing the POST endpoint for /grade Providing a regular, valid function for grade",
                  "timedOut": false,
                  "duration": 8365,
                  "state": "passed",
                  "speed": "slow",
                  "pass": true,
                  "fail": false,
                  "pending": false,
                  "context": null,
                  "code": "request.post('/grade')\n.send({\"id\": 1, \"desc\": \"Takes two numbers and adds them together\"})\n.set('Accept', 'application/json')\n.expect('Content-Type', /json/)\n.expect(200)\n.end(function(err, res) {\n    expect(res.body).to.not.equal(null);\n    expect(res.body.results.length).to.equal(3);\n    expect(res.body.results[0].score).to.equal(1);\n    expect(res.body.results[1].score).to.equal(1);\n    expect(res.body.results[2].score).to.equal(1);\n    if (err) done(err);\n    done();\n})",
                  "err": {},
                  "uuid": "a5fa0eda-f5b7-4a0d-b0d1-7f26bd6caff6",
                  "parentUUID": "9d995aab-8d85-49b8-ade6-8dca6b91eed9",
                  "isHook": false,
                  "skipped": false
                }
              ],
              "suites": [],
              "passes": [
                "32511572-366c-490d-9637-ac1debbfe371",
                "344ace57-545a-4f04-aa2c-d08278b1c36c",
                "0f92c9e1-fc24-492f-9948-6198f7ec7524",
                "a5fa0eda-f5b7-4a0d-b0d1-7f26bd6caff6"
              ],
              "failures": [],
              "pending": [],
              "skipped": [],
              "duration": 11302,
              "root": false,
              "rootEmpty": false,
              "_timeout": 300000
            }
          ],
          "passes": [],
          "failures": [],
          "pending": [],
          "skipped": [],
          "duration": 0,
          "root": false,
          "rootEmpty": false,
          "_timeout": 300000
        },
        {
          "uuid": "e3e2ebe6-01b6-4241-ae62-69d64e6eea9f",
          "title": "Tests for Ollama Backend Fetching, Parsing, and Grading Helpers",
          "fullFile": "/usr/src/app/server/test/ollama_api.test.js",
          "file": "/test/ollama_api.test.js",
          "beforeHooks": [],
          "afterHooks": [],
          "tests": [],
          "suites": [
            {
              "uuid": "81c45721-eecf-4ed0-8f37-9e61e2da5bdc",
              "title": "Testing the GeneratePrompt function",
              "fullFile": "/usr/src/app/server/test/ollama_api.test.js",
              "file": "/test/ollama_api.test.js",
              "beforeHooks": [],
              "afterHooks": [],
              "tests": [
                {
                  "title": "Basic description of a function test",
                  "fullTitle": "Tests for Ollama Backend Fetching, Parsing, and Grading Helpers Testing the GeneratePrompt function Basic description of a function test",
                  "timedOut": false,
                  "duration": 0,
                  "state": "passed",
                  "speed": "fast",
                  "pass": true,
                  "fail": false,
                  "pending": false,
                  "context": null,
                  "code": "const prompt = oa.GeneratePrompt(\"hello world\");\nexpect(prompt)\n.to\n.equal(\"Write me a Javascript function that has the following purpose: hello world. Only show me the code and call the function foo.\")",
                  "err": {},
                  "uuid": "1fd6aaf1-c1d9-41b7-9df8-1f52593c94a3",
                  "parentUUID": "81c45721-eecf-4ed0-8f37-9e61e2da5bdc",
                  "isHook": false,
                  "skipped": false
                },
                {
                  "title": "Missing description (empty string)",
                  "fullTitle": "Tests for Ollama Backend Fetching, Parsing, and Grading Helpers Testing the GeneratePrompt function Missing description (empty string)",
                  "timedOut": false,
                  "duration": 0,
                  "state": "passed",
                  "speed": "fast",
                  "pass": true,
                  "fail": false,
                  "pending": false,
                  "context": null,
                  "code": "const prompt = oa.GeneratePrompt(\"\");\nexpect(prompt)\n.to\n.equal(null)",
                  "err": {},
                  "uuid": "f945c2b0-4030-43e3-8008-45949e199d99",
                  "parentUUID": "81c45721-eecf-4ed0-8f37-9e61e2da5bdc",
                  "isHook": false,
                  "skipped": false
                },
                {
                  "title": "Missing description (empty string)",
                  "fullTitle": "Tests for Ollama Backend Fetching, Parsing, and Grading Helpers Testing the GeneratePrompt function Missing description (empty string)",
                  "timedOut": false,
                  "duration": 0,
                  "state": "passed",
                  "speed": "fast",
                  "pass": true,
                  "fail": false,
                  "pending": false,
                  "context": null,
                  "code": "const prompt = oa.GeneratePrompt(null);\nexpect(prompt)\n.to\n.equal(null)",
                  "err": {},
                  "uuid": "85299abc-ec32-435c-9983-10e446e71e60",
                  "parentUUID": "81c45721-eecf-4ed0-8f37-9e61e2da5bdc",
                  "isHook": false,
                  "skipped": false
                },
                {
                  "title": "Missing description (empty string)",
                  "fullTitle": "Tests for Ollama Backend Fetching, Parsing, and Grading Helpers Testing the GeneratePrompt function Missing description (empty string)",
                  "timedOut": false,
                  "duration": 0,
                  "state": "passed",
                  "speed": "fast",
                  "pass": true,
                  "fail": false,
                  "pending": false,
                  "context": null,
                  "code": "const prompt = oa.GeneratePrompt();\nexpect(prompt)\n.to\n.equal(null)",
                  "err": {},
                  "uuid": "8e1496af-2cc1-4f0d-9972-7e8a0028c411",
                  "parentUUID": "81c45721-eecf-4ed0-8f37-9e61e2da5bdc",
                  "isHook": false,
                  "skipped": false
                }
              ],
              "suites": [],
              "passes": [
                "1fd6aaf1-c1d9-41b7-9df8-1f52593c94a3",
                "f945c2b0-4030-43e3-8008-45949e199d99",
                "85299abc-ec32-435c-9983-10e446e71e60",
                "8e1496af-2cc1-4f0d-9972-7e8a0028c411"
              ],
              "failures": [],
              "pending": [],
              "skipped": [],
              "duration": 0,
              "root": false,
              "rootEmpty": false,
              "_timeout": 300000
            },
            {
              "uuid": "958c342b-8bad-475f-885c-cd4801ff07be",
              "title": "Testing the ParseResponse function",
              "fullFile": "/usr/src/app/server/test/ollama_api.test.js",
              "file": "/test/ollama_api.test.js",
              "beforeHooks": [],
              "afterHooks": [],
              "tests": [
                {
                  "title": "Regular response from LLM",
                  "fullTitle": "Tests for Ollama Backend Fetching, Parsing, and Grading Helpers Testing the ParseResponse function Regular response from LLM",
                  "timedOut": false,
                  "duration": 1,
                  "state": "passed",
                  "speed": "fast",
                  "pass": true,
                  "fail": false,
                  "pending": false,
                  "context": null,
                  "code": "const resp = oa.ParseLLMResponse(llm_two_sum_response);\nexpect(resp).to.contain('function foo');\nexpect(resp).to.not.contain(\"```\");\nexpect(resp).to.contain('return a + b');",
                  "err": {},
                  "uuid": "8985da3a-ef09-4457-94a2-82835584c4a8",
                  "parentUUID": "958c342b-8bad-475f-885c-cd4801ff07be",
                  "isHook": false,
                  "skipped": false
                },
                {
                  "title": "Parsing error response from LLM",
                  "fullTitle": "Tests for Ollama Backend Fetching, Parsing, and Grading Helpers Testing the ParseResponse function Parsing error response from LLM",
                  "timedOut": false,
                  "duration": 0,
                  "state": "passed",
                  "speed": "fast",
                  "pass": true,
                  "fail": false,
                  "pending": false,
                  "context": null,
                  "code": "const resp = oa.ParseLLMResponse(null);\nexpect(resp).to.equal(null);",
                  "err": {},
                  "uuid": "aa0197bc-b2ca-48f2-8479-19ea8c9e85f0",
                  "parentUUID": "958c342b-8bad-475f-885c-cd4801ff07be",
                  "isHook": false,
                  "skipped": false
                },
                {
                  "title": "Parsing undefined",
                  "fullTitle": "Tests for Ollama Backend Fetching, Parsing, and Grading Helpers Testing the ParseResponse function Parsing undefined",
                  "timedOut": false,
                  "duration": 0,
                  "state": "passed",
                  "speed": "fast",
                  "pass": true,
                  "fail": false,
                  "pending": false,
                  "context": null,
                  "code": "const resp = oa.ParseLLMResponse();\nexpect(resp).to.equal(null);",
                  "err": {},
                  "uuid": "814d2097-010d-4ecb-9d3c-1269cd834482",
                  "parentUUID": "958c342b-8bad-475f-885c-cd4801ff07be",
                  "isHook": false,
                  "skipped": false
                },
                {
                  "title": "Parsing a weird response from LLM",
                  "fullTitle": "Tests for Ollama Backend Fetching, Parsing, and Grading Helpers Testing the ParseResponse function Parsing a weird response from LLM",
                  "timedOut": false,
                  "duration": 1,
                  "state": "passed",
                  "speed": "fast",
                  "pass": true,
                  "fail": false,
                  "pending": false,
                  "context": null,
                  "code": "const resp = oa.ParseLLMResponse(weird_llm_response);\nexpect(resp).to.contain('function');\nexpect(resp).to.not.contain(\"```\");\nexpect(resp).to.contain('toLowerCase');",
                  "err": {},
                  "uuid": "a15850b2-d020-4521-9f8a-6faac3a4d266",
                  "parentUUID": "958c342b-8bad-475f-885c-cd4801ff07be",
                  "isHook": false,
                  "skipped": false
                }
              ],
              "suites": [],
              "passes": [
                "8985da3a-ef09-4457-94a2-82835584c4a8",
                "aa0197bc-b2ca-48f2-8479-19ea8c9e85f0",
                "814d2097-010d-4ecb-9d3c-1269cd834482",
                "a15850b2-d020-4521-9f8a-6faac3a4d266"
              ],
              "failures": [],
              "pending": [],
              "skipped": [],
              "duration": 2,
              "root": false,
              "rootEmpty": false,
              "_timeout": 300000
            },
            {
              "uuid": "37df035f-48e9-4b27-9b01-ad0a97867163",
              "title": "Testing the FetchResponse function",
              "fullFile": "/usr/src/app/server/test/ollama_api.test.js",
              "file": "/test/ollama_api.test.js",
              "beforeHooks": [],
              "afterHooks": [],
              "tests": [
                {
                  "title": "Fetching response for regular query",
                  "fullTitle": "Tests for Ollama Backend Fetching, Parsing, and Grading Helpers Testing the FetchResponse function Fetching response for regular query",
                  "timedOut": false,
                  "duration": 9365,
                  "state": "passed",
                  "speed": "slow",
                  "pass": true,
                  "fail": false,
                  "pending": false,
                  "context": null,
                  "code": "const resp = await oa.FetchResponse(two_sum_fn_desc.desc);\nexpect(resp).to.not.equal(null);\nexpect(resp.llm_code).to.contain(\"function\");\nexpect(resp.llm_code).to.contain(\"+\");",
                  "err": {},
                  "uuid": "86793063-a48e-414b-8713-fe06d2a9157a",
                  "parentUUID": "37df035f-48e9-4b27-9b01-ad0a97867163",
                  "isHook": false,
                  "skipped": false
                },
                {
                  "title": "Fetching response for random query",
                  "fullTitle": "Tests for Ollama Backend Fetching, Parsing, and Grading Helpers Testing the FetchResponse function Fetching response for random query",
                  "timedOut": false,
                  "duration": 2958,
                  "state": "passed",
                  "speed": "slow",
                  "pass": true,
                  "fail": false,
                  "pending": false,
                  "context": null,
                  "code": "const resp = await oa.FetchResponse(\"blah\")\nexpect(resp).to.not.equal(null);",
                  "err": {},
                  "uuid": "20a01b4d-e1d6-45c8-b114-df1b1098d4a9",
                  "parentUUID": "37df035f-48e9-4b27-9b01-ad0a97867163",
                  "isHook": false,
                  "skipped": false
                },
                {
                  "title": "Fetching response for null query",
                  "fullTitle": "Tests for Ollama Backend Fetching, Parsing, and Grading Helpers Testing the FetchResponse function Fetching response for null query",
                  "timedOut": false,
                  "duration": 0,
                  "state": "passed",
                  "speed": "fast",
                  "pass": true,
                  "fail": false,
                  "pending": false,
                  "context": null,
                  "code": "const resp = await oa.FetchResponse(null);\nexpect(resp).to.equal(null);",
                  "err": {},
                  "uuid": "8c18a1ed-1c3d-4fa1-8fc7-209935ce2f22",
                  "parentUUID": "37df035f-48e9-4b27-9b01-ad0a97867163",
                  "isHook": false,
                  "skipped": false
                },
                {
                  "title": "Fetching response for missing query",
                  "fullTitle": "Tests for Ollama Backend Fetching, Parsing, and Grading Helpers Testing the FetchResponse function Fetching response for missing query",
                  "timedOut": false,
                  "duration": 0,
                  "state": "passed",
                  "speed": "fast",
                  "pass": true,
                  "fail": false,
                  "pending": false,
                  "context": null,
                  "code": "const resp = await oa.FetchResponse();\nexpect(resp).to.equal(null);",
                  "err": {},
                  "uuid": "39d984c8-3d7b-4896-8c05-1db986d89d6b",
                  "parentUUID": "37df035f-48e9-4b27-9b01-ad0a97867163",
                  "isHook": false,
                  "skipped": false
                }
              ],
              "suites": [],
              "passes": [
                "86793063-a48e-414b-8713-fe06d2a9157a",
                "20a01b4d-e1d6-45c8-b114-df1b1098d4a9",
                "8c18a1ed-1c3d-4fa1-8fc7-209935ce2f22",
                "39d984c8-3d7b-4896-8c05-1db986d89d6b"
              ],
              "failures": [],
              "pending": [],
              "skipped": [],
              "duration": 12323,
              "root": false,
              "rootEmpty": false,
              "_timeout": 300000
            },
            {
              "uuid": "fc31ecf7-f00c-42ed-bf4e-bf15c495ee1a",
              "title": "Testing the isMalicious function",
              "fullFile": "/usr/src/app/server/test/ollama_api.test.js",
              "file": "/test/ollama_api.test.js",
              "beforeHooks": [],
              "afterHooks": [],
              "tests": [
                {
                  "title": "Testing malicious description",
                  "fullTitle": "Tests for Ollama Backend Fetching, Parsing, and Grading Helpers Testing the isMalicious function Testing malicious description",
                  "timedOut": false,
                  "duration": 0,
                  "state": "passed",
                  "speed": "fast",
                  "pass": true,
                  "fail": false,
                  "pending": false,
                  "context": null,
                  "code": "const result = oa.isMalicious(malicious_fn_desc);\nexpect(result).to.equal(true);",
                  "err": {},
                  "uuid": "77c30847-03a7-4a15-abdc-0e220b52f751",
                  "parentUUID": "fc31ecf7-f00c-42ed-bf4e-bf15c495ee1a",
                  "isHook": false,
                  "skipped": false
                },
                {
                  "title": "Testing malicious description",
                  "fullTitle": "Tests for Ollama Backend Fetching, Parsing, and Grading Helpers Testing the isMalicious function Testing malicious description",
                  "timedOut": false,
                  "duration": 0,
                  "state": "passed",
                  "speed": "fast",
                  "pass": true,
                  "fail": false,
                  "pending": false,
                  "context": null,
                  "code": "const result = oa.isMalicious(\"for(;;)\");\nexpect(result).to.equal(true);",
                  "err": {},
                  "uuid": "7e8b174b-bd34-4cf2-b0ab-8fa3352d53c6",
                  "parentUUID": "fc31ecf7-f00c-42ed-bf4e-bf15c495ee1a",
                  "isHook": false,
                  "skipped": false
                },
                {
                  "title": "Testing safe description",
                  "fullTitle": "Tests for Ollama Backend Fetching, Parsing, and Grading Helpers Testing the isMalicious function Testing safe description",
                  "timedOut": false,
                  "duration": 0,
                  "state": "passed",
                  "speed": "fast",
                  "pass": true,
                  "fail": false,
                  "pending": false,
                  "context": null,
                  "code": "const result = oa.isMalicious(two_sum_fn_desc.desc);\nexpect(result).to.equal(false);",
                  "err": {},
                  "uuid": "c5a7bd93-4c9a-4c85-b1d7-fcb33c414e23",
                  "parentUUID": "fc31ecf7-f00c-42ed-bf4e-bf15c495ee1a",
                  "isHook": false,
                  "skipped": false
                },
                {
                  "title": "Testing empty description",
                  "fullTitle": "Tests for Ollama Backend Fetching, Parsing, and Grading Helpers Testing the isMalicious function Testing empty description",
                  "timedOut": false,
                  "duration": 0,
                  "state": "passed",
                  "speed": "fast",
                  "pass": true,
                  "fail": false,
                  "pending": false,
                  "context": null,
                  "code": "const result = oa.isMalicious(\"\");\nexpect(result).to.equal(false);",
                  "err": {},
                  "uuid": "c43ce9c9-30fb-4c97-93f7-9bf32a9c2e5c",
                  "parentUUID": "fc31ecf7-f00c-42ed-bf4e-bf15c495ee1a",
                  "isHook": false,
                  "skipped": false
                },
                {
                  "title": "Testing null description",
                  "fullTitle": "Tests for Ollama Backend Fetching, Parsing, and Grading Helpers Testing the isMalicious function Testing null description",
                  "timedOut": false,
                  "duration": 0,
                  "state": "passed",
                  "speed": "fast",
                  "pass": true,
                  "fail": false,
                  "pending": false,
                  "context": null,
                  "code": "const result = oa.isMalicious(null);\nexpect(result).to.equal(false);",
                  "err": {},
                  "uuid": "8574bcb8-d210-4669-b2f9-5d489a0b22d8",
                  "parentUUID": "fc31ecf7-f00c-42ed-bf4e-bf15c495ee1a",
                  "isHook": false,
                  "skipped": false
                },
                {
                  "title": "Testing random description",
                  "fullTitle": "Tests for Ollama Backend Fetching, Parsing, and Grading Helpers Testing the isMalicious function Testing random description",
                  "timedOut": false,
                  "duration": 0,
                  "state": "passed",
                  "speed": "fast",
                  "pass": true,
                  "fail": false,
                  "pending": false,
                  "context": null,
                  "code": "const result = oa.isMalicious(\"my name is Chris\");\nexpect(result).to.equal(false);",
                  "err": {},
                  "uuid": "f8e9728e-7d21-4090-ad71-6c4198ce0f14",
                  "parentUUID": "fc31ecf7-f00c-42ed-bf4e-bf15c495ee1a",
                  "isHook": false,
                  "skipped": false
                },
                {
                  "title": "Testing undefined description",
                  "fullTitle": "Tests for Ollama Backend Fetching, Parsing, and Grading Helpers Testing the isMalicious function Testing undefined description",
                  "timedOut": false,
                  "duration": 0,
                  "state": "passed",
                  "speed": "fast",
                  "pass": true,
                  "fail": false,
                  "pending": false,
                  "context": null,
                  "code": "const result = oa.isMalicious();\nexpect(result).to.equal(false);",
                  "err": {},
                  "uuid": "e1eed035-0941-4bd8-afa2-41857c4aa845",
                  "parentUUID": "fc31ecf7-f00c-42ed-bf4e-bf15c495ee1a",
                  "isHook": false,
                  "skipped": false
                }
              ],
              "suites": [],
              "passes": [
                "77c30847-03a7-4a15-abdc-0e220b52f751",
                "7e8b174b-bd34-4cf2-b0ab-8fa3352d53c6",
                "c5a7bd93-4c9a-4c85-b1d7-fcb33c414e23",
                "c43ce9c9-30fb-4c97-93f7-9bf32a9c2e5c",
                "8574bcb8-d210-4669-b2f9-5d489a0b22d8",
                "f8e9728e-7d21-4090-ad71-6c4198ce0f14",
                "e1eed035-0941-4bd8-afa2-41857c4aa845"
              ],
              "failures": [],
              "pending": [],
              "skipped": [],
              "duration": 0,
              "root": false,
              "rootEmpty": false,
              "_timeout": 300000
            },
            {
              "uuid": "e4204426-0301-42eb-82ee-a1748bed308c",
              "title": "Testing the TestGeneratedCode function",
              "fullFile": "/usr/src/app/server/test/ollama_api.test.js",
              "file": "/test/ollama_api.test.js",
              "beforeHooks": [],
              "afterHooks": [],
              "tests": [
                {
                  "title": "Testing a correctly generated LLM function for Q1",
                  "fullTitle": "Tests for Ollama Backend Fetching, Parsing, and Grading Helpers Testing the TestGeneratedCode function Testing a correctly generated LLM function for Q1",
                  "timedOut": false,
                  "duration": 1,
                  "state": "passed",
                  "speed": "fast",
                  "pass": true,
                  "fail": false,
                  "pending": false,
                  "context": null,
                  "code": "const res = oa.TestGeneratedCode({\n    \"llm_code\": \"function foo(a, b) { return a + b }\",\n    \"id\": 1\n})\n\nexpect(res.length).to.equal(3);\nexpect(res[0].desc).to.equal(\"A test to check if adding properly.\");\nexpect(res[0].score).to.equal(1);\n    \nexpect(res[1].desc).to.equal(\"A less basic test to check if adding properly.\");\nexpect(res[1].score).to.equal(1);\n    \nexpect(res[2].score).to.equal(1);\nexpect(res[2].desc).to.equal(\"Another basic test to check if adding properly.\");",
                  "err": {},
                  "uuid": "79e3be90-f07a-4b37-b08e-194eea6a2fd3",
                  "parentUUID": "e4204426-0301-42eb-82ee-a1748bed308c",
                  "isHook": false,
                  "skipped": false
                },
                {
                  "title": "Testing a correctly generated LLM function for invalid q",
                  "fullTitle": "Tests for Ollama Backend Fetching, Parsing, and Grading Helpers Testing the TestGeneratedCode function Testing a correctly generated LLM function for invalid q",
                  "timedOut": false,
                  "duration": 0,
                  "state": "passed",
                  "speed": "fast",
                  "pass": true,
                  "fail": false,
                  "pending": false,
                  "context": null,
                  "code": "const res = oa.TestGeneratedCode({\n    \"llm_code\": \"function foo(a, b) { return a + b }\",\n    \"id\": 99\n})\n\nexpect(res).to.not.equal(null);\nexpect(res.length).to.equal(1);\nexpect(res[0].err).to.equal(true);\nexpect(res[0].err_reason).to.include(\"Cannot find module\");",
                  "err": {},
                  "uuid": "b018637a-c68c-410f-a40c-b11d59b98dd7",
                  "parentUUID": "e4204426-0301-42eb-82ee-a1748bed308c",
                  "isHook": false,
                  "skipped": false
                },
                {
                  "title": "Testing an incorrectly generated LLM function for Q1",
                  "fullTitle": "Tests for Ollama Backend Fetching, Parsing, and Grading Helpers Testing the TestGeneratedCode function Testing an incorrectly generated LLM function for Q1",
                  "timedOut": false,
                  "duration": 0,
                  "state": "passed",
                  "speed": "fast",
                  "pass": true,
                  "fail": false,
                  "pending": false,
                  "context": null,
                  "code": "const res = oa.TestGeneratedCode({\n    \"llm_code\": \"function foo() { return; }\",\n    \"id\": 1 \n})\n    \nexpect(res.length).to.equal(3);\nexpect(res[0]).to.not.equal(null);\nexpect(res[0].desc).to.equal(\"A test to check if adding properly.\");\nexpect(res[0].score).to.equal(0);\n    \nexpect(res[1].desc).to.equal(\"A less basic test to check if adding properly.\");\nexpect(res[1].score).to.equal(0);\n    \nexpect(res[2].score).to.equal(0);\nexpect(res[2].desc).to.equal(\"Another basic test to check if adding properly.\");",
                  "err": {},
                  "uuid": "898f71d7-8a60-453c-8088-138ab8638c7c",
                  "parentUUID": "e4204426-0301-42eb-82ee-a1748bed308c",
                  "isHook": false,
                  "skipped": false
                },
                {
                  "title": "Testing a broken function for Q1",
                  "fullTitle": "Tests for Ollama Backend Fetching, Parsing, and Grading Helpers Testing the TestGeneratedCode function Testing a broken function for Q1",
                  "timedOut": false,
                  "duration": 0,
                  "state": "passed",
                  "speed": "fast",
                  "pass": true,
                  "fail": false,
                  "pending": false,
                  "context": null,
                  "code": "const res = oa.TestGeneratedCode({\n    \"llm_code\": \"function foo() { , }\",\n    \"id\": 1 \n})\n    \nexpect(res.length).to.equal(1);\nexpect(res[0]).to.not.equal(null);\nexpect(res[0].err).to.equal(true);\nexpect(res[0].err_reason).to.contain(\"SyntaxError: Unexpected token \\',\\'\");",
                  "err": {},
                  "uuid": "165120d5-7a60-4b47-8584-adc97e0751d5",
                  "parentUUID": "e4204426-0301-42eb-82ee-a1748bed308c",
                  "isHook": false,
                  "skipped": false
                },
                {
                  "title": "Testing a function with missing parameters for Q1",
                  "fullTitle": "Tests for Ollama Backend Fetching, Parsing, and Grading Helpers Testing the TestGeneratedCode function Testing a function with missing parameters for Q1",
                  "timedOut": false,
                  "duration": 1,
                  "state": "passed",
                  "speed": "fast",
                  "pass": true,
                  "fail": false,
                  "pending": false,
                  "context": null,
                  "code": "const res = oa.TestGeneratedCode({\n    \"llm_code\": \"function foo() { return a + b }\",\n    \"id\": 1\n})\n    \nexpect(res.length).to.equal(1);\nexpect(res[0]).to.not.equal(null);\nexpect(res[0].err).to.equal(true);\nexpect(res[0].err_reason).to.contain(\"a is not defined\");",
                  "err": {},
                  "uuid": "75d7fe1c-799e-47f2-869c-597e08b8f313",
                  "parentUUID": "e4204426-0301-42eb-82ee-a1748bed308c",
                  "isHook": false,
                  "skipped": false
                },
                {
                  "title": "Testing improper JSON formats and undefined",
                  "fullTitle": "Tests for Ollama Backend Fetching, Parsing, and Grading Helpers Testing the TestGeneratedCode function Testing improper JSON formats and undefined",
                  "timedOut": false,
                  "duration": 0,
                  "state": "passed",
                  "speed": "fast",
                  "pass": true,
                  "fail": false,
                  "pending": false,
                  "context": null,
                  "code": "expect(oa.TestGeneratedCode({})).to.equal(null);\nexpect(oa.TestGeneratedCode({\"code\": \"hello\"})).to.equal(null);\nexpect(oa.TestGeneratedCode({\"id\": \"hello\"})).to.equal(null);\nexpect(oa.TestGeneratedCode({\"llm_code\": \"hello\"})).to.equal(null);\nexpect(oa.TestGeneratedCode(null)).to.equal(null);\nexpect(oa.TestGeneratedCode()).to.equal(null);",
                  "err": {},
                  "uuid": "e4c2ae2a-70e5-429c-a80c-192980050ded",
                  "parentUUID": "e4204426-0301-42eb-82ee-a1748bed308c",
                  "isHook": false,
                  "skipped": false
                }
              ],
              "suites": [],
              "passes": [
                "79e3be90-f07a-4b37-b08e-194eea6a2fd3",
                "b018637a-c68c-410f-a40c-b11d59b98dd7",
                "898f71d7-8a60-453c-8088-138ab8638c7c",
                "165120d5-7a60-4b47-8584-adc97e0751d5",
                "75d7fe1c-799e-47f2-869c-597e08b8f313",
                "e4c2ae2a-70e5-429c-a80c-192980050ded"
              ],
              "failures": [],
              "pending": [],
              "skipped": [],
              "duration": 2,
              "root": false,
              "rootEmpty": false,
              "_timeout": 300000
            },
            {
              "uuid": "c01561ba-a864-4d16-b8f9-692e679a0df0",
              "title": "Combining everything",
              "fullFile": "/usr/src/app/server/test/ollama_api.test.js",
              "file": "/test/ollama_api.test.js",
              "beforeHooks": [],
              "afterHooks": [],
              "tests": [
                {
                  "title": "Regular test with proper query",
                  "fullTitle": "Tests for Ollama Backend Fetching, Parsing, and Grading Helpers Combining everything Regular test with proper query",
                  "timedOut": false,
                  "duration": 9152,
                  "state": "passed",
                  "speed": "slow",
                  "pass": true,
                  "fail": false,
                  "pending": false,
                  "context": null,
                  "code": "const resp = await oa.FetchResponse(two_sum_fn_desc.desc);\nexpect(resp).to.not.equal(null);\nexpect(resp.llm_code.startsWith(\"function\")).to.equal(true);\nexpect(resp.llm_code).to.match(/function(.|\\s)*\\}/);\n    \nresp.id = 1;\n\nconst graded = oa.TestGeneratedCode(resp);\nexpect(graded.length).to.equal(3);\nexpect(graded[0].score).to.equal(1);\nexpect(graded[0].desc).to.equal(\"A test to check if adding properly.\");\nexpect(graded[1].score).to.equal(1);\nexpect(graded[1].desc).to.equal(\"A less basic test to check if adding properly.\");\nexpect(graded[2].score).to.equal(1);\nexpect(graded[2].desc).to.equal(\"Another basic test to check if adding properly.\");",
                  "err": {},
                  "uuid": "057c3dff-0a18-47f0-8ba2-251a6e1c4ef4",
                  "parentUUID": "c01561ba-a864-4d16-b8f9-692e679a0df0",
                  "isHook": false,
                  "skipped": false
                }
              ],
              "suites": [],
              "passes": [
                "057c3dff-0a18-47f0-8ba2-251a6e1c4ef4"
              ],
              "failures": [],
              "pending": [],
              "skipped": [],
              "duration": 9152,
              "root": false,
              "rootEmpty": false,
              "_timeout": 300000
            }
          ],
          "passes": [],
          "failures": [],
          "pending": [],
          "skipped": [],
          "duration": 0,
          "root": false,
          "rootEmpty": false,
          "_timeout": 300000
        }
      ],
      "passes": [],
      "failures": [],
      "pending": [],
      "skipped": [],
      "duration": 0,
      "root": true,
      "rootEmpty": true,
      "_timeout": 300000
    }
  ],
  "meta": {
    "mocha": {
      "version": "10.5.2"
    },
    "mochawesome": {
      "options": {
        "quiet": false,
        "reportFilename": "mochawesome",
        "saveHtml": true,
        "saveJson": true,
        "consoleReporter": "spec",
        "useInlineDiffs": false,
        "code": true
      },
      "version": "7.1.3"
    },
    "marge": {
      "options": null,
      "version": "6.2.0"
    }
  }
}